 h.001
 h.001
     0     2     0     4   472     0
     0     2     0     4   472     1
     -37.65764     -37.67321     -37.68913     -37.70112     -37.70930
 h.002
 h.002
     0     4     0     1   118     1
     0     4     0     1   118     1
     -37.44537     -37.46277     -37.47521     -37.48219     -37.48624
 h.003
 h.003
     0     2     1     2   236     1
     0     2     1     2   236     1
     -37.71157     -37.72961     -37.74343     -37.75310     -37.75889
 h.004
 h.004
     0     4     1     3   369     1
     0     4     1     3   369     1
     -37.72748     -37.74229     -37.75274     -37.75886     -37.80980
 h.005
 h.005
     1     2     0     7   826     1
     1     2     0     7   826     1
     -37.74687     -37.74931     -37.75552     -37.75736     -37.75982
 h.006
 h.006
     1     4     0     6   708     1
     1     4     0     6   708     1
     -37.74735     -37.74931     -37.75572     -37.75736     -37.75984
 h.007
 h.007
     1     2     1     9  1083     1
     1     2     1     9  1083     1
     -37.72178     -37.73471     -37.74459     -37.75306     -37.75884
 h.008
 h.008
     1     4     1     4   471     1
     1     4     1     4   471     1
     -37.71038     -37.72871     -37.74283     -37.75281     -37.75883
 h.009
 h.009
     2     2     0    11  1294     1
     2     2     0    11  1294     1
     -37.71184     -37.72138     -37.73726     -37.74920     -37.75734
 h.010
 h.010
     2     4     0     5   588     1
     2     4     0     5   588     1
     -37.70164     -37.72144     -37.73730     -37.74922     -37.75734
 h.011
 h.011
     2     2     1     9  1080     1
     2     2     1     9  1080     1
     -37.74514     -37.75205     -37.75541     -37.75859     -37.75998
 h.012
 h.012
     2     4     1     7   823     1
     2     4     1     7   823     0
     -37.74308     -37.74514     -37.75293     -37.75541     -37.75885
