================================================================================
                   MULTICONFIGURATION B-SPLINE HARTREE-FOCK
================================================================================

Name of case:      He_n2

B-spline parameters:

ns   =   71             -  number of splines
ks   =    8             -  order  of splines
h    =    0.125         -  initial point
hmax =    1.000         -  exponetial step size
rmax =   40.000         -  maximum radius

atom:              He

term:              1S
QSUM:     0.19854E+01    0.76109E-02    0.69975E-02

valence orbitals:      1s    2p    2s

physical orbitals:     1s

varied orbitals:       1s    2p    2s

Initial estimations for orbitals:

  1s - read from file He.bsw                                                                                              
  2p - hydrogenic orbital with screening  1.00
  2s - hydrogenic orbital with screening  1.00

 Level     Energy      Leading CSFs

   1     -2.86174234   1  1.0000   2  0.0050   3 -0.0011

--------------------------------------------------------------------------------
Iteration    1
--------------------------------------------------------------------------------

   nl       e(nl)          qsum           dpm           ns

   1s   -0.91802E+00    0.19999E+01    0.52405E-04      45
   2p   -0.75395E+02    0.50755E-04    0.27917E+01      35
   2s   -0.29877E+03    0.22349E-05    0.35741E+01      43

 Level     Energy      Leading CSFs

   1     -2.88317971   1  0.9991   2  0.0332   3 -0.0256

 Etotal =      -2.88317971

Maximum orbital diff (relative):         3.57D+00  1.00D-05
Energy difference (relative):            7.44D-03  1.00D-09

--------------------------------------------------------------------------------
Iteration    2
--------------------------------------------------------------------------------

   nl       e(nl)          qsum           dpm           ns

   1s   -0.93808E+00    0.19965E+01    0.16086E-02      39
   2p   -0.81035E+01    0.22084E-02    0.33446E+00      36
   2s   -0.88691E+01    0.13087E-02    0.32525E+00      39

 Level     Energy      Leading CSFs

   1     -2.89551669   1  0.9973   2  0.0539   3 -0.0497

 Etotal =      -2.89551669

Maximum orbital diff (relative):         3.34D-01  1.00D-05
Energy difference (relative):            4.26D-03  1.00D-09

--------------------------------------------------------------------------------
Iteration    3
--------------------------------------------------------------------------------

   nl       e(nl)          qsum           dpm           ns

   1s   -0.94945E+00    0.19892E+01    0.12278E-03      39
   2p   -0.41969E+01    0.58122E-02    0.11827E+00      36
   2s   -0.38874E+01    0.49416E-02    0.12848E+00      39

 Level     Energy      Leading CSFs

   1     -2.89749707   1  0.9964   2  0.0604   3 -0.0589

 Etotal =      -2.89749707

Maximum orbital diff (relative):         1.28D-01  1.00D-05
Energy difference (relative):            6.83D-04  1.00D-09

--------------------------------------------------------------------------------
Iteration    4
--------------------------------------------------------------------------------

   nl       e(nl)          qsum           dpm           ns

   1s   -0.95266E+00    0.19858E+01    0.10574E-02      39
   2p   -0.35892E+01    0.72940E-02    0.29011E-01      36
   2s   -0.31807E+01    0.69474E-02    0.35270E-01      39

 Level     Energy      Leading CSFs

   1     -2.89765198   1  0.9962   2  0.0617   3 -0.0611

 Etotal =      -2.89765198

Maximum orbital diff (relative):         3.53D-02  1.00D-05
Energy difference (relative):            5.35D-05  1.00D-09

--------------------------------------------------------------------------------
Iteration    5
--------------------------------------------------------------------------------

   nl       e(nl)          qsum           dpm           ns

   1s   -0.95365E+00    0.19849E+01    0.63305E-03      39
   2p   -0.34868E+01    0.76116E-02    0.59508E-02      36
   2s   -0.30560E+01    0.74760E-02    0.80401E-02      39

 Level     Energy      Leading CSFs

   1     -2.89767060   1  0.9962   2  0.0619   3 -0.0617

 Etotal =      -2.89767060

Maximum orbital diff (relative):         8.04D-03  1.00D-05
Energy difference (relative):            6.43D-06  1.00D-09

--------------------------------------------------------------------------------
Iteration    6
--------------------------------------------------------------------------------

   nl       e(nl)          qsum           dpm           ns

   1s   -0.95400E+00    0.19847E+01    0.24684E-03      39
   2p   -0.34691E+01    0.76675E-02    0.12833E-02      36
   2s   -0.30290E+01    0.76023E-02    0.20970E-02      39

 Level     Energy      Leading CSFs

   1     -2.89767320   1  0.9962   2  0.0620   3 -0.0618

 Etotal =      -2.89767320

Maximum orbital diff (relative):         2.10D-03  1.00D-05
Energy difference (relative):            8.96D-07  1.00D-09

--------------------------------------------------------------------------------
Iteration    7
--------------------------------------------------------------------------------

   nl       e(nl)          qsum           dpm           ns

   1s   -0.95413E+00    0.19847E+01    0.86529E-04      39
   2p   -0.34658E+01    0.76773E-02    0.31360E-03      36
   2s   -0.30217E+01    0.76375E-02    0.63614E-03      39

 Level     Energy      Leading CSFs

   1     -2.89767352   1  0.9962   2  0.0620   3 -0.0618

 Etotal =      -2.89767352

Maximum orbital diff (relative):         6.36D-04  1.00D-05
Energy difference (relative):            1.11D-07  1.00D-09

--------------------------------------------------------------------------------
Iteration    8
--------------------------------------------------------------------------------

   nl       e(nl)          qsum           dpm           ns

   1s   -0.95417E+00    0.19847E+01    0.29485E-04      39
   2p   -0.34651E+01    0.76792E-02    0.86373E-04      36
   2s   -0.30194E+01    0.76485E-02    0.20656E-03      39

 Level     Energy      Leading CSFs

   1     -2.89767356   1  0.9962   2  0.0620   3 -0.0619

 Etotal =      -2.89767356

Maximum orbital diff (relative):         2.07D-04  1.00D-05
Energy difference (relative):            1.29D-08  1.00D-09

--------------------------------------------------------------------------------
Iteration    9
--------------------------------------------------------------------------------

   nl       e(nl)          qsum           dpm           ns

   1s   -0.95418E+00    0.19847E+01    0.99469E-05      39
   2p   -0.34650E+01    0.76796E-02    0.25941E-04      36
   2s   -0.30187E+01    0.76521E-02    0.68600E-04      39

 Level     Energy      Leading CSFs

   1     -2.89767356   1  0.9962   2  0.0620   3 -0.0619

 Etotal =      -2.89767356

Maximum orbital diff (relative):         6.86D-05  1.00D-05
Energy difference (relative):            1.47D-09  1.00D-09

--------------------------------------------------------------------------------
Iteration   10
--------------------------------------------------------------------------------

   nl       e(nl)          qsum           dpm           ns

   1s   -0.95419E+00    0.19847E+01    0.33418E-05      39
   2p   -0.34649E+01    0.76797E-02    0.82103E-05      36
   2s   -0.30184E+01    0.76533E-02    0.22931E-04      39

 Level     Energy      Leading CSFs

   1     -2.89767356   1  0.9962   2  0.0620   3 -0.0619

 Etotal =      -2.89767356

Maximum orbital diff (relative):         2.29D-05  1.00D-05
Energy difference (relative):            1.65D-10  1.00D-09

--------------------------------------------------------------------------------
Iteration   11
--------------------------------------------------------------------------------

   nl       e(nl)          qsum           dpm           ns

   1s   -0.95419E+00    0.19847E+01    0.11207E-05      39
   2p   -0.34649E+01    0.76797E-02    0.26732E-05      36
   2s   -0.30183E+01    0.76537E-02    0.76774E-05      39

 Level     Energy      Leading CSFs

   1     -2.89767356   1  0.9962   2  0.0620   3 -0.0619

 Etotal =      -2.89767356

Maximum orbital diff (relative):         7.68D-06  1.00D-05
Energy difference (relative):            1.86D-11  1.00D-09

--------------------------------------------------------------------------------

ATOM:  He     TERM:  1S

Convergence (latest difference):
Orbital diff. =                          7.68D-06
SCF diff. =                              1.86D-11

  nl       E(nl)        1/R       R       R**2       dmp       ns     max_R

   1s    -0.95418874    1.688    0.928    1.190    1.12E-06    39     15.45
   2p    -3.46491563    1.226    0.999    1.186    2.67E-06    36     12.45
   2s    -3.01833917    1.924    1.253    2.396    7.68E-06    39     15.45

Total energy            -2.897673560605
Kinetic                  2.897680875711
Potential               -5.795354436315
Ratio                   -1.999997475531

Optimized states:

 Level     Energy      Leading CSFs

   1     -2.89767356   1  0.9962   2  0.0620   3 -0.0619

time:      3.62 sec

--------------------------------------------------------------------------------

