================================================================================
                   MULTICONFIGURATION B-SPLINE HARTREE-FOCK
================================================================================

Name of case:      He_n3

B-spline parameters:

ns   =   71             -  number of splines
ks   =    8             -  order  of splines
h    =    0.125         -  initial point
hmax =    1.000         -  exponetial step size
rmax =   40.000         -  maximum radius

atom:              He

term:              1S
QSUM:     0.19990E+01    0.19990E-03    0.19990E-03    0.19990E-03    0.19990E-03    0.19990E-03

valence orbitals:      1s    2s    2p    3s    3p    3d

physical orbitals:     1s

varied orbitals:       1s    2s    2p    3s    3p    3d

Initial estimations for orbitals:

  1s - read from file He_n2.bsw                                                                                           
  2s - read from file He_n2.bsw                                                                                           
  2p - read from file He_n2.bsw                                                                                           
  3s - hydrogenic orbital with screening  1.00
  3p - hydrogenic orbital with screening  1.00
  3d - hydrogenic orbital with screening  1.00

 Level     Energy      Leading CSFs

   1     -2.89767443   1  0.9962   3  0.0620   2 -0.0619   5  0.0005   4 -0.0003

--------------------------------------------------------------------------------
Iteration    1
--------------------------------------------------------------------------------

   nl       e(nl)          qsum           dpm           ns

   1s   -0.95419E+00    0.19847E+01    0.56452E-06      39
   2s   -0.30183E+01    0.76537E-02    0.53852E-05      39
   2p   -0.34649E+01    0.76796E-02    0.11235E-05      36
   3s   -0.48035E+03    0.14391E-06    0.64097E+01      39
   3p   -0.37897E+03    0.49254E-06    0.55197E+01      36
   3d   -0.70461E+03    0.10000E-07    0.43479E+01      34

 Level     Energy      Leading CSFs

   1     -2.90020200   1  0.9962   3  0.0613   2 -0.0608   6 -0.0056   5  0.0051

 Etotal =      -2.90020200

Maximum orbital diff (relative):         6.41D+00  1.00D-05
Energy difference (relative):            8.72D-04  1.00D-09

--------------------------------------------------------------------------------
Iteration    2
--------------------------------------------------------------------------------

   nl       e(nl)          qsum           dpm           ns

   1s   -0.95593E+00    0.19849E+01    0.13510E-03      39
   2s   -0.30250E+01    0.74047E-02    0.35972E-02      39
   2p   -0.34711E+01    0.75097E-02    0.58627E-02      36
   3s   -0.23839E+02    0.24928E-04    0.28244E+00      39
   3p   -0.24229E+02    0.51784E-04    0.31683E+00      36
   3d   -0.22428E+02    0.62721E-04    0.42718E+00      34

 Level     Energy      Leading CSFs

   1     -2.90150463   1  0.9962   3  0.0610   2 -0.0609   6 -0.0098   5  0.0081

 Etotal =      -2.90150463

Maximum orbital diff (relative):         4.27D-01  1.00D-05
Energy difference (relative):            4.49D-04  1.00D-09

--------------------------------------------------------------------------------
Iteration    3
--------------------------------------------------------------------------------

   nl       e(nl)          qsum           dpm           ns

   1s   -0.95722E+00    0.19847E+01    0.68598E-04      39
   2s   -0.30085E+01    0.74161E-02    0.55461E-02      39
   2p   -0.34375E+01    0.74535E-02    0.95133E-02      36
   3s   -0.11875E+02    0.65822E-04    0.11485E+00      39
   3p   -0.12466E+02    0.13012E-03    0.11938E+00      36
   3d   -0.98559E+01    0.19341E-03    0.16721E+00      35

 Level     Energy      Leading CSFs

   1     -2.90177725   1  0.9961   3  0.0615   2 -0.0613   6 -0.0115   5  0.0093

 Etotal =      -2.90177725

Maximum orbital diff (relative):         1.67D-01  1.00D-05
Energy difference (relative):            9.39D-05  1.00D-09

--------------------------------------------------------------------------------
Iteration    4
--------------------------------------------------------------------------------

   nl       e(nl)          qsum           dpm           ns

   1s   -0.95761E+00    0.19844E+01    0.33567E-04      39
   2s   -0.29835E+01    0.75045E-02    0.45726E-02      39
   2p   -0.33854E+01    0.75643E-02    0.68748E-02      36
   3s   -0.95482E+01    0.88511E-04    0.42830E-01      39
   3p   -0.10105E+02    0.17328E-03    0.46948E-01      36
   3d   -0.76392E+01    0.26462E-03    0.51660E-01      35

 Level     Energy      Leading CSFs

   1     -2.90182580   1  0.9960   3  0.0619   2 -0.0616   6 -0.0120   5  0.0098

 Etotal =      -2.90182580

Maximum orbital diff (relative):         5.17D-02  1.00D-05
Energy difference (relative):            1.67D-05  1.00D-09

--------------------------------------------------------------------------------
Iteration    5
--------------------------------------------------------------------------------

   nl       e(nl)          qsum           dpm           ns

   1s   -0.95776E+00    0.19842E+01    0.19311E-04      39
   2s   -0.29633E+01    0.75810E-02    0.26022E-02      39
   2p   -0.33491E+01    0.76666E-02    0.37388E-02      36
   3s   -0.88497E+01    0.98546E-04    0.17014E-01      39
   3p   -0.93629E+01    0.19294E-03    0.19143E-01      36
   3d   -0.71439E+01    0.28635E-03    0.12904E-01      35

 Level     Energy      Leading CSFs

   1     -2.90183664   1  0.9960   3  0.0622   2 -0.0618   6 -0.0121   5  0.0101

 Etotal =      -2.90183664

Maximum orbital diff (relative):         1.91D-02  1.00D-05
Energy difference (relative):            3.74D-06  1.00D-09

--------------------------------------------------------------------------------
Iteration    6
--------------------------------------------------------------------------------

   nl       e(nl)          qsum           dpm           ns

   1s   -0.95783E+00    0.19840E+01    0.31405E-04      39
   2s   -0.29506E+01    0.76304E-02    0.13440E-02      39
   2p   -0.33278E+01    0.77306E-02    0.19031E-02      36
   3s   -0.85741E+01    0.10319E-03    0.76687E-02      39
   3p   -0.90638E+01    0.20220E-03    0.86928E-02      36
   3d   -0.70293E+01    0.29157E-03    0.28636E-02      35

 Level     Energy      Leading CSFs

   1     -2.90183945   1  0.9960   3  0.0623   2 -0.0619   6 -0.0121   5  0.0102

 Etotal =      -2.90183945

Maximum orbital diff (relative):         8.69D-03  1.00D-05
Energy difference (relative):            9.67D-07  1.00D-09

--------------------------------------------------------------------------------
Iteration    7
--------------------------------------------------------------------------------

   nl       e(nl)          qsum           dpm           ns

   1s   -0.95788E+00    0.19840E+01    0.28654E-04      39
   2s   -0.29436E+01    0.76587E-02    0.69426E-03      39
   2p   -0.33165E+01    0.77653E-02    0.95923E-03      37
   3s   -0.84469E+01    0.10549E-03    0.37564E-02      39
   3p   -0.89257E+01    0.20676E-03    0.42296E-02      37
   3d   -0.70033E+01    0.29263E-03    0.54744E-03      35

 Level     Energy      Leading CSFs

   1     -2.90184022   1  0.9960   3  0.0624   2 -0.0619   6 -0.0121   5  0.0102

 Etotal =      -2.90184022

Maximum orbital diff (relative):         4.23D-03  1.00D-05
Energy difference (relative):            2.66D-07  1.00D-09

--------------------------------------------------------------------------------
Iteration    8
--------------------------------------------------------------------------------

   nl       e(nl)          qsum           dpm           ns

   1s   -0.95791E+00    0.19839E+01    0.21997E-04      39
   2s   -0.29398E+01    0.76743E-02    0.36580E-03      39
   2p   -0.33107E+01    0.77831E-02    0.48789E-03      37
   3s   -0.83844E+01    0.10665E-03    0.19046E-02      39
   3p   -0.88582E+01    0.20906E-03    0.21186E-02      37
   3d   -0.69978E+01    0.29278E-03    0.66824E-04      35

 Level     Energy      Leading CSFs

   1     -2.90184045   1  0.9960   3  0.0624   2 -0.0620   6 -0.0121   5  0.0103

 Etotal =      -2.90184045

Maximum orbital diff (relative):         2.12D-03  1.00D-05
Energy difference (relative):            7.77D-08  1.00D-09

--------------------------------------------------------------------------------
Iteration    9
--------------------------------------------------------------------------------

   nl       e(nl)          qsum           dpm           ns

   1s   -0.95793E+00    0.19839E+01    0.15603E-04      39
   2s   -0.29378E+01    0.76829E-02    0.19788E-03      39
   2p   -0.33077E+01    0.77921E-02    0.25038E-03      37
   3s   -0.83528E+01    0.10725E-03    0.98200E-03      39
   3p   -0.88244E+01    0.21022E-03    0.10730E-02      37
   3d   -0.69967E+01    0.29276E-03    0.39507E-04      35

 Level     Energy      Leading CSFs

   1     -2.90184052   1  0.9960   3  0.0624   2 -0.0620   6 -0.0121   5  0.0103

 Etotal =      -2.90184052

Maximum orbital diff (relative):         1.07D-03  1.00D-05
Energy difference (relative):            2.42D-08  1.00D-09

--------------------------------------------------------------------------------
Iteration   10
--------------------------------------------------------------------------------

   nl       e(nl)          qsum           dpm           ns

   1s   -0.95795E+00    0.19839E+01    0.10583E-04      39
   2s   -0.29367E+01    0.76877E-02    0.10895E-03      39
   2p   -0.33062E+01    0.77966E-02    0.12944E-03      37
   3s   -0.83367E+01    0.10756E-03    0.51398E-03      39
   3p   -0.88074E+01    0.21081E-03    0.54663E-03      37
   3d   -0.69966E+01    0.29272E-03    0.25838E-04      35

 Level     Energy      Leading CSFs

   1     -2.90184054   1  0.9960   3  0.0624   2 -0.0620   6 -0.0121   5  0.0103

 Etotal =      -2.90184054

Maximum orbital diff (relative):         5.47D-04  1.00D-05
Energy difference (relative):            8.08D-09  1.00D-09

--------------------------------------------------------------------------------
Iteration   11
--------------------------------------------------------------------------------

   nl       e(nl)          qsum           dpm           ns

   1s   -0.95796E+00    0.19839E+01    0.69803E-05      39
   2s   -0.29361E+01    0.76905E-02    0.61026E-04      39
   2p   -0.33055E+01    0.77989E-02    0.67383E-04      37
   3s   -0.83282E+01    0.10773E-03    0.27357E-03      39
   3p   -0.87988E+01    0.21111E-03    0.27990E-03      37
   3d   -0.69967E+01    0.29270E-03    0.12999E-04      35

 Level     Energy      Leading CSFs

   1     -2.90184055   1  0.9960   3  0.0624   2 -0.0620   6 -0.0121   5  0.0103

 Etotal =      -2.90184055

Maximum orbital diff (relative):         2.80D-04  1.00D-05
Energy difference (relative):            2.87D-09  1.00D-09

--------------------------------------------------------------------------------
Iteration   12
--------------------------------------------------------------------------------

   nl       e(nl)          qsum           dpm           ns

   1s   -0.95796E+00    0.19839E+01    0.45186E-05      39
   2s   -0.29357E+01    0.76921E-02    0.12870E-04      39
   2p   -0.33051E+01    0.78000E-02    0.12216E-04      37
   3s   -0.83218E+01    0.10782E-03    0.14488E-03      39
   3p   -0.87928E+01    0.21126E-03    0.14207E-03      37
   3d   -0.69966E+01    0.29268E-03    0.90968E-05      35

 Level     Energy      Leading CSFs

   1     -2.90184055   1  0.9960   3  0.0624   2 -0.0620   6 -0.0121   5  0.0103

 Etotal =      -2.90184055

Maximum orbital diff (relative):         1.45D-04  1.00D-05
Energy difference (relative):            7.44D-10  1.00D-09

--------------------------------------------------------------------------------
Iteration   13
--------------------------------------------------------------------------------

   nl       e(nl)          qsum           dpm           ns

   1s   -0.95797E+00    0.19839E+01    0.25847E-05      39
   2s   -0.29357E+01    0.76923E-02    0.63747E-05      39
   2p   -0.33051E+01    0.77999E-02    0.59560E-05      37
   3s   -0.83201E+01    0.10784E-03    0.37132E-04      39
   3p   -0.87912E+01    0.21131E-03    0.39398E-04      37
   3d   -0.69966E+01    0.29268E-03    0.56472E-05      35

 Level     Energy      Leading CSFs

   1     -2.90184055   1  0.9960   3  0.0624   2 -0.0620   6 -0.0121   5  0.0103

 Etotal =      -2.90184055

Maximum orbital diff (relative):         3.94D-05  1.00D-05
Energy difference (relative):            2.75D-10  1.00D-09

--------------------------------------------------------------------------------
Iteration   14
--------------------------------------------------------------------------------

   nl       e(nl)          qsum           dpm           ns

   1s   -0.95797E+00    0.19839E+01    0.15171E-05      39
   2s   -0.29357E+01    0.76925E-02    0.35490E-04      39
   2p   -0.33051E+01    0.77998E-02    0.17540E-05      37
   3s   -0.83221E+01    0.10784E-03    0.26067E-04      39
   3p   -0.87908E+01    0.21132E-03    0.26158E-05      37
   3d   -0.69966E+01    0.29268E-03    0.46289E-05      35

 Level     Energy      Leading CSFs

   1     -2.90184055   1  0.9960   3  0.0624   2 -0.0620   6 -0.0121   5  0.0103

 Etotal =      -2.90184055

Maximum orbital diff (relative):         3.55D-05  1.00D-05
Energy difference (relative):            3.45D-10  1.00D-09

--------------------------------------------------------------------------------
Iteration   15
--------------------------------------------------------------------------------

   nl       e(nl)          qsum           dpm           ns

   1s   -0.95797E+00    0.19839E+01    0.13104E-05      39
   2s   -0.29355E+01    0.76935E-02    0.24155E-05      39
   2p   -0.33051E+01    0.77998E-02    0.32605E-04      37
   3s   -0.83197E+01    0.10788E-03    0.52707E-04      39
   3p   -0.87926E+01    0.21132E-03    0.22280E-04      37
   3d   -0.69966E+01    0.29268E-03    0.15000E-04      35

 Level     Energy      Leading CSFs

   1     -2.90184056   1  0.9960   3  0.0625   2 -0.0620   6 -0.0121   5  0.0103

 Etotal =      -2.90184056

Maximum orbital diff (relative):         5.27D-05  1.00D-05
Energy difference (relative):            2.85D-10  1.00D-09

--------------------------------------------------------------------------------
Iteration   16
--------------------------------------------------------------------------------

   nl       e(nl)          qsum           dpm           ns

   1s   -0.95797E+00    0.19839E+01    0.63624E-06      39
   2s   -0.29355E+01    0.76935E-02    0.21886E-05      39
   2p   -0.33049E+01    0.78006E-02    0.19097E-05      37
   3s   -0.83191E+01    0.10788E-03    0.13667E-04      39
   3p   -0.87907E+01    0.21136E-03    0.41614E-04      37
   3d   -0.69966E+01    0.29267E-03    0.73093E-06      35

 Level     Energy      Leading CSFs

   1     -2.90184056   1  0.9960   3  0.0625   2 -0.0620   6 -0.0121   5  0.0103

 Etotal =      -2.90184056

Maximum orbital diff (relative):         4.16D-05  1.00D-05
Energy difference (relative):            4.70D-11  1.00D-09

--------------------------------------------------------------------------------
Iteration   17
--------------------------------------------------------------------------------

   nl       e(nl)          qsum           dpm           ns

   1s   -0.95797E+00    0.19839E+01    0.60075E-06      39
   2s   -0.29355E+01    0.76935E-02    0.82210E-06      39
   2p   -0.33049E+01    0.78006E-02    0.15208E-05      37
   3s   -0.83190E+01    0.10789E-03    0.27226E-05      39
   3p   -0.87903E+01    0.21137E-03    0.10420E-04      37
   3d   -0.69967E+01    0.29267E-03    0.60106E-06      35

 Level     Energy      Leading CSFs

   1     -2.90184056   1  0.9960   3  0.0625   2 -0.0620   6 -0.0121   5  0.0103

 Etotal =      -2.90184056

Maximum orbital diff (relative):         1.04D-05  1.00D-05
Energy difference (relative):            9.69D-12  1.00D-09

--------------------------------------------------------------------------------
Iteration   18
--------------------------------------------------------------------------------

   nl       e(nl)          qsum           dpm           ns

   1s   -0.95797E+00    0.19839E+01    0.60078E-06      39
   2s   -0.29355E+01    0.76936E-02    0.74899E-06      39
   2p   -0.33049E+01    0.78006E-02    0.43153E-06      37
   3s   -0.83189E+01    0.10789E-03    0.22738E-05      39
   3p   -0.87901E+01    0.21138E-03    0.45383E-05      37
   3d   -0.69967E+01    0.29267E-03    0.15392E-05      35

 Level     Energy      Leading CSFs

   1     -2.90184056   1  0.9960   3  0.0625   2 -0.0620   6 -0.0121   5  0.0103

 Etotal =      -2.90184056

Maximum orbital diff (relative):         4.54D-06  1.00D-05
Energy difference (relative):            1.69D-11  1.00D-09

--------------------------------------------------------------------------------

ATOM:  He     TERM:  1S

Convergence (latest difference):
Orbital diff. =                          4.54D-06
SCF diff. =                              1.69D-11

  nl       E(nl)        1/R       R       R**2       dmp       ns     max_R

   1s    -0.95797066    1.689    0.928    1.188    6.01E-07    39     15.45
   2s    -2.93546045    1.836    1.310    2.579    7.49E-07    39     15.45
   2p    -3.30486598    1.168    1.051    1.312    4.32E-07    37     13.45
   3s    -8.31887739    2.766    1.038    1.979    2.27E-06    39     15.45
   3p    -8.79008828    1.756    0.930    1.290    4.54E-06    37     13.45
   3d    -6.99666455    1.199    0.958    1.041    1.54E-06    35     11.45

Total energy            -2.901840555243
Kinetic                  2.901864896175
Potential               -5.803705451418
Ratio                   -1.999991611969

Optimized states:

 Level     Energy      Leading CSFs

   1     -2.90184056   1  0.9960   3  0.0625   2 -0.0620   6 -0.0121   5  0.0103

time:     23.61 sec

--------------------------------------------------------------------------------

