
                    =======================
                     B R E I T - P A U L I 
                    =======================


 Operators included: 

 OVERLAPS
 KINATIC ENERGY
 TWO-ELECTRON ELECTROSTATIC

 Max.multipole index =  7


jort= 0  -  full non-orthogonality
--------------------------------------------------------------------------------

 Partial wave:     1

 It is new calculations 


 c-fail (cfg.inp) contains: 

 number of atomic states   =    60
 number of configurations  =    28
 number of ang. symmetries =    47
 i_case, kt,kdt           1           1           1           1           9
 i_case, kt,kdt           2           2           1           1          88
 i_case, kt,kdt           3           3           1           1           9
 i_case, kt,kdt           4           4           1           2          54
 i_case, kt,kdt           5           5           1           1          30
 i_case, kt,kdt           6           6           1           1          19
 i_case, kt,kdt           7           7           1           1          45
 i_case, kt,kdt           8           8           1           1          18
 i_case, kt,kdt           9           9           1           1           9
 i_case, kt,kdt          10          10           1           1           3
 i_case, kt,kdt          11          11           1           1           3
 i_case, kt,kdt          12          12           1           1           5
 i_case, kt,kdt          13          13           1           1           6
 i_case, kt,kdt          14          14           1           2          18
 i_case, kt,kdt          15          15           1           1          60
 i_case, kt,kdt          16          16          10           1           1
 i_case, kt,kdt          17          17           1           1          18
 i_case, kt,kdt          18          18           1           2           9
 i_case, kt,kdt          19          19           1           2          21
 i_case, kt,kdt          20          20           1           2           9
 i_case, kt,kdt          21          21           1           2          21
 i_case, kt,kdt          22          22           1           4          90
 i_case, kt,kdt          23          23           1           4          30
 i_case, kt,kdt          24          24           1           3          78
 i_case, kt,kdt          25          25           1           4          85
 i_case, kt,kdt          26          26           1           2           9
 i_case, kt,kdt          27          27           1           2          27
 i_case, kt,kdt          28          28           1           1          18
 is=     1/    28  nterm=     1  ndet=     9      0.00 sec.    s( 2) p( 2) d( 1)
 is=     2/    28  nterm=     1  ndet=    88      0.00 sec.    s( 1) p( 2) d( 1) d( 1)
 is=     3/    28  nterm=     1  ndet=     9      0.00 sec.    p( 4) d( 1)
 is=     4/    28  nterm=     2  ndet=    54      0.02 sec.    s( 1) p( 1) s( 1) p( 1) d( 1)
 is=     5/    28  nterm=     1  ndet=    30      0.02 sec.    s( 2) p( 1) f( 1) d( 1)
 is=     6/    28  nterm=     1  ndet=    19      0.02 sec.    s( 2) d( 2) d( 1)
 is=     7/    28  nterm=     1  ndet=    45      0.02 sec.    p( 2) d( 2) d( 1)
 is=     8/    28  nterm=     1  ndet=    18      0.02 sec.    s( 2) p( 1) p( 1) d( 1)
 is=     9/    28  nterm=     1  ndet=     9      0.02 sec.    p( 2) s( 2) d( 1)
 is=    10/    28  nterm=     1  ndet=     3      0.00 sec.    s( 2) p( 2) s( 1)
 is=    11/    28  nterm=     1  ndet=     3      0.00 sec.    p( 4) s( 1)
 is=    12/    28  nterm=     1  ndet=     5      0.02 sec.    s( 2) d( 2) s( 1)
 is=    13/    28  nterm=     1  ndet=     6      0.00 sec.    s( 2) p( 1) p( 1) s( 1)
 is=    14/    28  nterm=     2  ndet=    18      0.02 sec.    s( 1) p( 1) s( 1) p( 1) s( 1)
 is=    15/    28  nterm=     1  ndet=    60      0.03 sec.    s( 1) p( 1) d( 1) f( 1) s( 1)
 is=    16/    28  nterm=     1  ndet=     1      0.00 sec.    s( 2) s( 2) s( 1)
 is=    17/    28  nterm=     1  ndet=    18      0.02 sec.    s( 1) p( 2) d( 1) s( 1)
 is=    18/    28  nterm=     2  ndet=     9      0.02 sec.    s( 2) p( 1) s( 1) p( 1)
 is=    19/    28  nterm=     2  ndet=    21      0.00 sec.    p( 3) s( 1) p( 1)
 is=    20/    28  nterm=     2  ndet=     9      0.00 sec.    s( 2) s( 1) p( 1) p( 1)
 is=    21/    28  nterm=     2  ndet=    21      0.02 sec.    s( 1) p( 3) p( 1)
 is=    22/    28  nterm=     4  ndet=    90      0.09 sec.    s( 1) p( 1) s( 1) d( 1) p( 1)
 is=    23/    28  nterm=     4  ndet=    30      0.05 sec.    s( 1) p( 1) s( 1) s( 1) p( 1)
 is=    24/    28  nterm=     3  ndet=    78      0.08 sec.    s( 1) p( 2) p( 1) p( 1)
 is=    25/    28  nterm=     4  ndet=    85      0.12 sec.    p( 2) s( 1) p( 1) p( 1)
 is=    26/    28  nterm=     2  ndet=     9      0.03 sec.    s( 1) p( 1) s( 2) p( 1)
 is=    27/    28  nterm=     2  ndet=    27      0.05 sec.    s( 1) s( 1) s( 1) p( 1) p( 1)
 is=    28/    28  nterm=     1  ndet=    18      0.03 sec.    s( 2) p( 1) d( 1) p( 1)

 Results for new angular symmetry calculations:

 number of overlap determinants =       103       1.8
 number of overlap factors      =      3252       3.0
 total number of coeff.s        =     48196

 Partial wave:        0.01 min
--------------------------------------------------------------------------------

 Partial wave:     2

 It is new calculations 


 c-fail (cfg.inp) contains: 

 number of atomic states   =    18
 number of configurations  =    10
 number of ang. symmetries =    14
 i_case, kt,kdt           1           1           1           1           3
 i_case, kt,kdt           2           2           1           1           7
 i_case, kt,kdt           3           3           1           1           3
 i_case, kt,kdt           4           4           1           1           7
 i_case, kt,kdt           5           5           1           2          36
 i_case, kt,kdt           6           6           1           2          12
 i_case, kt,kdt           7           7           1           2          26
 i_case, kt,kdt           8           8           1           2          33
 i_case, kt,kdt           9           9           1           1           3
 i_case, kt,kdt          10          10           1           1           9
 is=     1/    10  nterm=     1  ndet=     3      0.00 sec.    s( 2) p( 1) s( 1) p( 1)
 is=     2/    10  nterm=     1  ndet=     7      0.00 sec.    p( 3) s( 1) p( 1)
 is=     3/    10  nterm=     1  ndet=     3      0.00 sec.    s( 2) s( 1) p( 1) p( 1)
 is=     4/    10  nterm=     1  ndet=     7      0.00 sec.    s( 1) p( 3) p( 1)
 is=     5/    10  nterm=     2  ndet=    36      0.02 sec.    s( 1) p( 1) s( 1) d( 1) p( 1)
 is=     6/    10  nterm=     2  ndet=    12      0.02 sec.    s( 1) p( 1) s( 1) s( 1) p( 1)
 is=     7/    10  nterm=     2  ndet=    26      0.02 sec.    s( 1) p( 2) p( 1) p( 1)
 is=     8/    10  nterm=     2  ndet=    33      0.02 sec.    p( 2) s( 1) p( 1) p( 1)
 is=     9/    10  nterm=     1  ndet=     3      0.02 sec.    s( 1) p( 1) s( 2) p( 1)
 is=    10/    10  nterm=     1  ndet=     9      0.02 sec.    s( 1) s( 1) s( 1) p( 1) p( 1)

 Results for new angular symmetry calculations:

 number of overlap determinants =        79       1.7
 number of overlap factors      =      2122       3.0
 total number of coeff.s        =      8308

 Partial wave:        0.00 min
--------------------------------------------------------------------------------

 Partial wave:     3

 It is new calculations 


 c-fail (cfg.inp) contains: 

 number of atomic states   =    29
 number of configurations  =    16
 number of ang. symmetries =    24
 i_case, kt,kdt           1           1           1           1          10
 i_case, kt,kdt           2           2           1           1          10
 i_case, kt,kdt           3           3           1           3         111
 i_case, kt,kdt           4           4           1           1          63
 i_case, kt,kdt           5           5           1           1          19
 i_case, kt,kdt           6           6           1           1          50
 i_case, kt,kdt           7           7           1           1          10
 i_case, kt,kdt           8           8           1           1          27
 i_case, kt,kdt           9           9           1           1          39
 i_case, kt,kdt          10          10           1           2         116
 i_case, kt,kdt          11          11           1           2         111
 i_case, kt,kdt          12          12           3           3         241
 i_case, kt,kdt          13          13           1           2         111
 i_case, kt,kdt          14          14           1           1         165
 i_case, kt,kdt          15          15           1           1          99
 i_case, kt,kdt          16          16           1           2         250
 is=     1/    16  nterm=     1  ndet=    10      0.00 sec.    s( 2) p( 2) p( 1)
 is=     2/    16  nterm=     1  ndet=    10      0.00 sec.    p( 4) p( 1)
 is=     3/    16  nterm=     3  ndet=   111      0.05 sec.    s( 1) p( 2) d( 1) p( 1)
 is=     4/    16  nterm=     1  ndet=    63      0.05 sec.    s( 1) p( 1) s( 1) p( 1) p( 1)
 is=     5/    16  nterm=     1  ndet=    19      0.02 sec.    s( 2) d( 2) p( 1)
 is=     6/    16  nterm=     1  ndet=    50      0.02 sec.    p( 2) d( 2) p( 1)
 is=     7/    16  nterm=     1  ndet=    10      0.02 sec.    p( 2) s( 2) p( 1)
 is=     8/    16  nterm=     1  ndet=    27      0.03 sec.    s( 1) p( 3) d( 1)
 is=     9/    16  nterm=     1  ndet=    39      0.03 sec.    s( 2) p( 1) d( 1) d( 1)
 is=    10/    16  nterm=     2  ndet=   116      0.06 sec.    p( 3) d( 1) d( 1)
 is=    11/    16  nterm=     2  ndet=   111      0.12 sec.    s( 1) p( 1) p( 2) d( 1)
 is=    12/    16  nterm=     3  ndet=   241      0.20 sec.    s( 1) p( 1) d( 2) d( 1)
 is=    13/    16  nterm=     2  ndet=   111      0.19 sec.    s( 1) p( 2) p( 1) d( 1)
 is=    14/    16  nterm=     1  ndet=   165      0.17 sec.    s( 1) p( 2) f( 1) d( 1)
 is=    15/    16  nterm=     1  ndet=    99      0.17 sec.    p( 2) s( 1) p( 1) d( 1)
 is=    16/    16  nterm=     2  ndet=   250      0.62 sec.    s( 1) p( 1) p( 1) p( 1) d( 1)

 Results for new angular symmetry calculations:

 number of overlap determinants =        67       1.7
 number of overlap factors      =      1238       3.1
 total number of coeff.s        =      7466

 Partial wave:        0.03 min
--------------------------------------------------------------------------------

 Partial wave:     4

 It is new calculations 


 c-fail (cfg.inp) contains: 

 number of atomic states   =    51
 number of configurations  =    28
 number of ang. symmetries =    40
 i_case, kt,kdt           1           1           1           1           3
 i_case, kt,kdt           2           2           1           1           3
 i_case, kt,kdt           3           3           1           3          43
 i_case, kt,kdt           4           4           1           1          21
 i_case, kt,kdt           5           5           1           1           6
 i_case, kt,kdt           6           6           1           1          15
 i_case, kt,kdt           7           7           1           1           3
 i_case, kt,kdt           8           8           1           2           5
 i_case, kt,kdt           9           9           1           1          31
 i_case, kt,kdt          10          10           1           1          16
 i_case, kt,kdt          11          11           1           1          16
 i_case, kt,kdt          12          12           1           1          16
 i_case, kt,kdt          13          13           1           1          35
 i_case, kt,kdt          14          14           1           1           9
 i_case, kt,kdt          15          15           1           1          13
 i_case, kt,kdt          16          16           1           2          42
 i_case, kt,kdt          17          17           1           2          43
 i_case, kt,kdt          18          18           3           3          95
 i_case, kt,kdt          19          19           1           3          52
 i_case, kt,kdt          20          20           1           1          65
 i_case, kt,kdt          21          21           1           1          39
 i_case, kt,kdt          22          22           1           2         100
 i_case, kt,kdt          23          23           1           1           3
 i_case, kt,kdt          24          24           1           3          16
 i_case, kt,kdt          25          25           1           1           6
 i_case, kt,kdt          26          26           1           1           3
 i_case, kt,kdt          27          27           1           1           5
 i_case, kt,kdt          28          28           1           1           1
 is=     1/    28  nterm=     1  ndet=     3      0.00 sec.    s( 2) p( 2) p( 1)
 is=     2/    28  nterm=     1  ndet=     3      0.00 sec.    p( 4) p( 1)
 is=     3/    28  nterm=     3  ndet=    43      0.02 sec.    s( 1) p( 2) d( 1) p( 1)
 is=     4/    28  nterm=     1  ndet=    21      0.02 sec.    s( 1) p( 1) s( 1) p( 1) p( 1)
 is=     5/    28  nterm=     1  ndet=     6      0.00 sec.    s( 2) d( 2) p( 1)
 is=     6/    28  nterm=     1  ndet=    15      0.00 sec.    p( 2) d( 2) p( 1)
 is=     7/    28  nterm=     1  ndet=     3      0.00 sec.    p( 2) s( 2) p( 1)
 is=     8/    28  nterm=     2  ndet=     5      0.00 sec.    s( 1) p( 3) s( 1)
 is=     9/    28  nterm=     1  ndet=    31      0.02 sec.    s( 1) p( 1) d( 2) s( 1)
 is=    10/    28  nterm=     1  ndet=    16      0.02 sec.    s( 1) p( 1) p( 2) s( 1)
 is=    11/    28  nterm=     1  ndet=    16      0.02 sec.    s( 1) p( 2) p( 1) s( 1)
 is=    12/    28  nterm=     1  ndet=    16      0.02 sec.    p( 2) s( 1) p( 1) s( 1)
 is=    13/    28  nterm=     1  ndet=    35      0.03 sec.    s( 1) p( 1) p( 1) p( 1) s( 1)
 is=    14/    28  nterm=     1  ndet=     9      0.00 sec.    s( 1) p( 3) d( 1)
 is=    15/    28  nterm=     1  ndet=    13      0.02 sec.    s( 2) p( 1) d( 1) d( 1)
 is=    16/    28  nterm=     2  ndet=    42      0.02 sec.    p( 3) d( 1) d( 1)
 is=    17/    28  nterm=     2  ndet=    43      0.02 sec.    s( 1) p( 1) p( 2) d( 1)
 is=    18/    28  nterm=     3  ndet=    95      0.03 sec.    s( 1) p( 1) d( 2) d( 1)
 is=    19/    28  nterm=     3  ndet=    52      0.05 sec.    s( 1) p( 2) p( 1) d( 1)
 is=    20/    28  nterm=     1  ndet=    65      0.03 sec.    s( 1) p( 2) f( 1) d( 1)
 is=    21/    28  nterm=     1  ndet=    39      0.05 sec.    p( 2) s( 1) p( 1) d( 1)
 is=    22/    28  nterm=     2  ndet=   100      0.11 sec.    s( 1) p( 1) p( 1) p( 1) d( 1)
 is=    23/    28  nterm=     1  ndet=     3      0.00 sec.    s( 2) p( 1) p( 2)
 is=    24/    28  nterm=     3  ndet=    16      0.03 sec.    s( 1) p( 2) s( 1) p( 1)
 is=    25/    28  nterm=     1  ndet=     6      0.00 sec.    s( 2) p( 1) d( 2)
 is=    26/    28  nterm=     1  ndet=     3      0.00 sec.    p( 3) p( 2)
 is=    27/    28  nterm=     1  ndet=     5      0.00 sec.    p( 3) d( 2)
 is=    28/    28  nterm=     1  ndet=     1      0.00 sec.    p( 3) s( 2)

 Results for new angular symmetry calculations:

 number of overlap determinants =        78       1.7
 number of overlap factors      =      2592       3.2
 total number of coeff.s        =     17210

 Partial wave:        0.01 min
--------------------------------------------------------------------------------

 Partial wave:     5

 It is new calculations 


 c-fail (cfg.inp) contains: 

 number of atomic states   =   105
 number of configurations  =    41
 number of ang. symmetries =    86
 i_case, kt,kdt           1           1           1           1           3
 i_case, kt,kdt           2           2           1           1           3
 i_case, kt,kdt           3           3           1           3          36
 i_case, kt,kdt           4           4           1           1          18
 i_case, kt,kdt           5           5           1           1           6
 i_case, kt,kdt           6           6           1           1          15
 i_case, kt,kdt           7           7           1           1           3
 i_case, kt,kdt           8           8           1           2          11
 i_case, kt,kdt           9           9           2           2          11
 i_case, kt,kdt          10          10           1           4         137
 i_case, kt,kdt          11          11           1           3          72
 i_case, kt,kdt          12          12           3           2          23
 i_case, kt,kdt          13          13           3           2          55
 i_case, kt,kdt          14          14           1           2          11
 i_case, kt,kdt          15          15           1           1          24
 i_case, kt,kdt          16          16           1           1          16
 i_case, kt,kdt          17          17           1           2           6
 i_case, kt,kdt          18          18           1           2          15
 i_case, kt,kdt          19          19           1           2           6
 i_case, kt,kdt          20          20           1           3          18
 i_case, kt,kdt          21          21           1           4          60
 i_case, kt,kdt          22          22           1           4          20
 i_case, kt,kdt          23          23           1           5          72
 i_case, kt,kdt          24          24           1           5          72
 i_case, kt,kdt          25          25           1           2           6
 i_case, kt,kdt          26          26           1           2          18
 i_case, kt,kdt          27          27           1           2          24
 i_case, kt,kdt          28          28           2           2          72
 i_case, kt,kdt          29          29           1           2          72
 i_case, kt,kdt          30          30           1           3         152
 i_case, kt,kdt          31          31           1           1          99
 i_case, kt,kdt          32          32           1           2         160
 i_case, kt,kdt          33          33           1           1          27
 i_case, kt,kdt          34          34           1           1          39
 i_case, kt,kdt          35          35           2           2         116
 i_case, kt,kdt          36          36           1           2         111
 i_case, kt,kdt          37          37           3           3         241
 i_case, kt,kdt          38          38           1           2         111
 i_case, kt,kdt          39          39           1           1         165
 i_case, kt,kdt          40          40           1           1          99
 i_case, kt,kdt          41          41           1           2         250
 is=     1/    41  nterm=     1  ndet=     3      0.00 sec.    s( 2) p( 2) s( 1)
 is=     2/    41  nterm=     1  ndet=     3      0.00 sec.    p( 4) s( 1)
 is=     3/    41  nterm=     3  ndet=    36      0.02 sec.    s( 1) p( 2) d( 1) s( 1)
 is=     4/    41  nterm=     1  ndet=    18      0.00 sec.    s( 1) p( 1) s( 1) p( 1) s( 1)
 is=     5/    41  nterm=     1  ndet=     6      0.02 sec.    s( 2) d( 2) s( 1)
 is=     6/    41  nterm=     1  ndet=    15      0.00 sec.    p( 2) d( 2) s( 1)
 is=     7/    41  nterm=     1  ndet=     3      0.00 sec.    p( 2) s( 2) s( 1)
 is=     8/    41  nterm=     2  ndet=    11      0.00 sec.    s( 2) p( 2) d( 1)
 is=     9/    41  nterm=     2  ndet=    11      0.02 sec.    p( 4) d( 1)
 is=    10/    41  nterm=     4  ndet=   137      0.05 sec.    s( 1) p( 2) d( 1) d( 1)
 is=    11/    41  nterm=     3  ndet=    72      0.03 sec.    s( 1) p( 1) s( 1) p( 1) d( 1)
 is=    12/    41  nterm=     2  ndet=    23      0.02 sec.    s( 2) d( 2) d( 1)
 is=    13/    41  nterm=     2  ndet=    55      0.02 sec.    p( 2) d( 2) d( 1)
 is=    14/    41  nterm=     2  ndet=    11      0.02 sec.    p( 2) s( 2) d( 1)
 is=    15/    41  nterm=     1  ndet=    24      0.02 sec.    s( 2) p( 1) f( 1) d( 1)
 is=    16/    41  nterm=     1  ndet=    16      0.02 sec.    s( 2) p( 1) p( 1) d( 1)
 is=    17/    41  nterm=     2  ndet=     6      0.00 sec.    s( 2) p( 1) s( 1) p( 1)
 is=    18/    41  nterm=     2  ndet=    15      0.02 sec.    p( 3) s( 1) p( 1)
 is=    19/    41  nterm=     2  ndet=     6      0.00 sec.    s( 2) s( 1) p( 1) p( 1)
 is=    20/    41  nterm=     3  ndet=    18      0.02 sec.    s( 1) p( 3) p( 1)
 is=    21/    41  nterm=     4  ndet=    60      0.08 sec.    s( 1) p( 1) s( 1) d( 1) p( 1)
 is=    22/    41  nterm=     4  ndet=    20      0.03 sec.    s( 1) p( 1) s( 1) s( 1) p( 1)
 is=    23/    41  nterm=     5  ndet=    72      0.11 sec.    s( 1) p( 2) p( 1) p( 1)
 is=    24/    41  nterm=     5  ndet=    72      0.16 sec.    p( 2) s( 1) p( 1) p( 1)
 is=    25/    41  nterm=     2  ndet=     6      0.03 sec.    s( 1) p( 1) s( 2) p( 1)
 is=    26/    41  nterm=     2  ndet=    18      0.06 sec.    s( 1) s( 1) s( 1) p( 1) p( 1)
 is=    27/    41  nterm=     2  ndet=    24      0.05 sec.    s( 2) p( 1) d( 1) p( 1)
 is=    28/    41  nterm=     2  ndet=    72      0.08 sec.    p( 3) d( 1) p( 1)
 is=    29/    41  nterm=     2  ndet=    72      0.20 sec.    s( 1) p( 1) p( 2) p( 1)
 is=    30/    41  nterm=     3  ndet=   152      0.19 sec.    s( 1) p( 1) d( 2) p( 1)
 is=    31/    41  nterm=     1  ndet=    99      0.16 sec.    s( 1) p( 2) f( 1) p( 1)
 is=    32/    41  nterm=     2  ndet=   160      0.52 sec.    s( 1) p( 1) p( 1) p( 1) p( 1)
 is=    33/    41  nterm=     1  ndet=    27      0.03 sec.    s( 1) p( 3) f( 1)
 is=    34/    41  nterm=     1  ndet=    39      0.06 sec.    s( 2) p( 1) d( 1) f( 1)
 is=    35/    41  nterm=     2  ndet=   116      0.14 sec.    p( 3) d( 1) f( 1)
 is=    36/    41  nterm=     2  ndet=   111      0.20 sec.    s( 1) p( 1) p( 2) f( 1)
 is=    37/    41  nterm=     3  ndet=   241      0.28 sec.    s( 1) p( 1) d( 2) f( 1)
 is=    38/    41  nterm=     2  ndet=   111      0.30 sec.    s( 1) p( 2) p( 1) f( 1)
 is=    39/    41  nterm=     1  ndet=   165      0.30 sec.    s( 1) p( 2) f( 1) f( 1)
 is=    40/    41  nterm=     1  ndet=    99      0.30 sec.    p( 2) s( 1) p( 1) f( 1)
 is=    41/    41  nterm=     2  ndet=   250      0.70 sec.    s( 1) p( 1) p( 1) p( 1) f( 1)

 Results for new angular symmetry calculations:

 number of overlap determinants =       132       2.0
 number of overlap factors      =      4424       3.1
 total number of coeff.s        =     95438

 Partial wave:        0.07 min
--------------------------------------------------------------------------------

 Partial wave:     6

 It is new calculations 


 c-fail (cfg.inp) contains: 

 number of atomic states   =    83
 number of configurations  =    39
 number of ang. symmetries =    68
 i_case, kt,kdt           1           1           1           1           1
 i_case, kt,kdt           2           2           1           1           1
 i_case, kt,kdt           3           3           1           3          14
 i_case, kt,kdt           4           4           1           1           6
 i_case, kt,kdt           5           5           1           1           2
 i_case, kt,kdt           6           6           1           1           5
 i_case, kt,kdt           7           7           1           1           1
 i_case, kt,kdt           8           8           1           1           3
 i_case, kt,kdt           9           9           2           1           3
 i_case, kt,kdt          10          10           1           3          43
 i_case, kt,kdt          11          11           1           1          21
 i_case, kt,kdt          12          12           3           1           6
 i_case, kt,kdt          13          13           3           1          15
 i_case, kt,kdt          14          14           1           1           3
 i_case, kt,kdt          15          15           1           3           8
 i_case, kt,kdt          16          16           1           4          74
 i_case, kt,kdt          17          17           1           3          34
 i_case, kt,kdt          18          18           1           5          34
 i_case, kt,kdt          19          19           1           4          34
 i_case, kt,kdt          20          20           1           3          80
 i_case, kt,kdt          21          21           1           1           2
 i_case, kt,kdt          22          22           1           1           5
 i_case, kt,kdt          23          23           1           1           2
 i_case, kt,kdt          24          24           1           2          24
 i_case, kt,kdt          25          25           1           2           8
 i_case, kt,kdt          26          26           1           1           2
 i_case, kt,kdt          27          27           1           1           6
 i_case, kt,kdt          28          28           1           1           8
 i_case, kt,kdt          29          29           2           2          26
 i_case, kt,kdt          30          30           1           1          39
 i_case, kt,kdt          31          31           1           1           9
 i_case, kt,kdt          32          32           1           1          13
 i_case, kt,kdt          33          33           2           2          42
 i_case, kt,kdt          34          34           1           2          43
 i_case, kt,kdt          35          35           3           3          95
 i_case, kt,kdt          36          36           1           2          43
 i_case, kt,kdt          37          37           1           1          65
 i_case, kt,kdt          38          38           1           1          39
 i_case, kt,kdt          39          39           1           2         100
 is=     1/    39  nterm=     1  ndet=     1      0.00 sec.    s( 2) p( 2) s( 1)
 is=     2/    39  nterm=     1  ndet=     1      0.00 sec.    p( 4) s( 1)
 is=     3/    39  nterm=     3  ndet=    14      0.00 sec.    s( 1) p( 2) d( 1) s( 1)
 is=     4/    39  nterm=     1  ndet=     6      0.00 sec.    s( 1) p( 1) s( 1) p( 1) s( 1)
 is=     5/    39  nterm=     1  ndet=     2      0.00 sec.    s( 2) d( 2) s( 1)
 is=     6/    39  nterm=     1  ndet=     5      0.00 sec.    p( 2) d( 2) s( 1)
 is=     7/    39  nterm=     1  ndet=     1      0.00 sec.    p( 2) s( 2) s( 1)
 is=     8/    39  nterm=     1  ndet=     3      0.00 sec.    s( 2) p( 2) d( 1)
 is=     9/    39  nterm=     1  ndet=     3      0.00 sec.    p( 4) d( 1)
 is=    10/    39  nterm=     3  ndet=    43      0.02 sec.    s( 1) p( 2) d( 1) d( 1)
 is=    11/    39  nterm=     1  ndet=    21      0.02 sec.    s( 1) p( 1) s( 1) p( 1) d( 1)
 is=    12/    39  nterm=     1  ndet=     6      0.00 sec.    s( 2) d( 2) d( 1)
 is=    13/    39  nterm=     1  ndet=    15      0.02 sec.    p( 2) d( 2) d( 1)
 is=    14/    39  nterm=     1  ndet=     3      0.00 sec.    p( 2) s( 2) d( 1)
 is=    15/    39  nterm=     3  ndet=     8      0.02 sec.    s( 1) p( 3) p( 1)
 is=    16/    39  nterm=     4  ndet=    74      0.05 sec.    s( 1) p( 1) d( 2) p( 1)
 is=    17/    39  nterm=     3  ndet=    34      0.02 sec.    s( 1) p( 1) p( 2) p( 1)
 is=    18/    39  nterm=     5  ndet=    34      0.05 sec.    s( 1) p( 2) p( 1) p( 1)
 is=    19/    39  nterm=     4  ndet=    34      0.06 sec.    p( 2) s( 1) p( 1) p( 1)
 is=    20/    39  nterm=     3  ndet=    80      0.17 sec.    s( 1) p( 1) p( 1) p( 1) p( 1)
 is=    21/    39  nterm=     1  ndet=     2      0.00 sec.    s( 2) p( 1) s( 1) p( 1)
 is=    22/    39  nterm=     1  ndet=     5      0.03 sec.    p( 3) s( 1) p( 1)
 is=    23/    39  nterm=     1  ndet=     2      0.00 sec.    s( 2) s( 1) p( 1) p( 1)
 is=    24/    39  nterm=     2  ndet=    24      0.03 sec.    s( 1) p( 1) s( 1) d( 1) p( 1)
 is=    25/    39  nterm=     2  ndet=     8      0.02 sec.    s( 1) p( 1) s( 1) s( 1) p( 1)
 is=    26/    39  nterm=     1  ndet=     2      0.02 sec.    s( 1) p( 1) s( 2) p( 1)
 is=    27/    39  nterm=     1  ndet=     6      0.02 sec.    s( 1) s( 1) s( 1) p( 1) p( 1)
 is=    28/    39  nterm=     1  ndet=     8      0.02 sec.    s( 2) p( 1) d( 1) p( 1)
 is=    29/    39  nterm=     2  ndet=    26      0.03 sec.    p( 3) d( 1) p( 1)
 is=    30/    39  nterm=     1  ndet=    39      0.05 sec.    s( 1) p( 2) f( 1) p( 1)
 is=    31/    39  nterm=     1  ndet=     9      0.02 sec.    s( 1) p( 3) f( 1)
 is=    32/    39  nterm=     1  ndet=    13      0.00 sec.    s( 2) p( 1) d( 1) f( 1)
 is=    33/    39  nterm=     2  ndet=    42      0.03 sec.    p( 3) d( 1) f( 1)
 is=    34/    39  nterm=     2  ndet=    43      0.06 sec.    s( 1) p( 1) p( 2) f( 1)
 is=    35/    39  nterm=     3  ndet=    95      0.05 sec.    s( 1) p( 1) d( 2) f( 1)
 is=    36/    39  nterm=     2  ndet=    43      0.08 sec.    s( 1) p( 2) p( 1) f( 1)
 is=    37/    39  nterm=     1  ndet=    65      0.09 sec.    s( 1) p( 2) f( 1) f( 1)
 is=    38/    39  nterm=     1  ndet=    39      0.08 sec.    p( 2) s( 1) p( 1) f( 1)
 is=    39/    39  nterm=     2  ndet=   100      0.22 sec.    s( 1) p( 1) p( 1) p( 1) f( 1)

 Results for new angular symmetry calculations:

 number of overlap determinants =       131       2.0
 number of overlap factors      =      4315       3.1
 total number of coeff.s        =     72403

 Partial wave:        0.02 min
--------------------------------------------------------------------------------

 Partial wave:     7

 It is new calculations 


 c-fail (cfg.inp) contains: 

 number of atomic states   =   159
 number of configurations  =    54
 number of ang. symmetries =   126
 i_case, kt,kdt           1           1           1           3           8
 i_case, kt,kdt           2           2           1           3           8
 i_case, kt,kdt           3           3           1           5         101
 i_case, kt,kdt           4           4           1           5          54
 i_case, kt,kdt           5           5           1           3          17
 i_case, kt,kdt           6           6           1           2          40
 i_case, kt,kdt           7           7           1           2           8
 i_case, kt,kdt           8           8           1           1          18
 i_case, kt,kdt           9           9           1           2          12
 i_case, kt,kdt          10          10           1           1           9
 i_case, kt,kdt          11          11           1           1          88
 i_case, kt,kdt          12          12           1           1           9
 i_case, kt,kdt          13          13           1           2          54
 i_case, kt,kdt          14          14           1           1          30
 i_case, kt,kdt          15          15           5           1          19
 i_case, kt,kdt          16          16           3           1          45
 i_case, kt,kdt          17          17           1           1          18
 i_case, kt,kdt          18          18           1           1           9
 i_case, kt,kdt          19          19           1           1          60
 i_case, kt,kdt          20          20           1           1           1
 i_case, kt,kdt          21          21           1           2           3
 i_case, kt,kdt          22          22           1           2           6
 i_case, kt,kdt          23          23           1           2           3
 i_case, kt,kdt          24          24           1           2           6
 i_case, kt,kdt          25          25           1           4          30
 i_case, kt,kdt          26          26           1           4          10
 i_case, kt,kdt          27          27           1           3          24
 i_case, kt,kdt          28          28           1           4          26
 i_case, kt,kdt          29          29           1           2           3
 i_case, kt,kdt          30          30           1           2           9
 i_case, kt,kdt          31          31           1           2           9
 i_case, kt,kdt          32          32           1           2          21
 i_case, kt,kdt          33          33           1           2           9
 i_case, kt,kdt          34          34           1           3          24
 i_case, kt,kdt          35          35           1           4          90
 i_case, kt,kdt          36          36           1           4          30
 i_case, kt,kdt          37          37           1           8         101
 i_case, kt,kdt          38          38           1           5          98
 i_case, kt,kdt          39          39           1           2           9
 i_case, kt,kdt          40          40           1           2          27
 i_case, kt,kdt          41          41           1           1           6
 i_case, kt,kdt          42          42           1           2          33
 i_case, kt,kdt          43          43           1           2          97
 i_case, kt,kdt          44          44           1           2          98
 i_case, kt,kdt          45          45           3           3         208
 i_case, kt,kdt          46          46           1           1         132
 i_case, kt,kdt          47          47           1           2         220
 i_case, kt,kdt          48          48           1           3           8
 i_case, kt,kdt          49          49           1           4          26
 i_case, kt,kdt          50          50           1           3          17
 i_case, kt,kdt          51          51           1           1           1
 i_case, kt,kdt          52          52           1           1           6
 i_case, kt,kdt          53          53           1           1           2
 i_case, kt,kdt          54          54           1           1          10
 is=     1/    54  nterm=     3  ndet=     8      0.00 sec.    s( 2) p( 2) p( 1)
 is=     2/    54  nterm=     3  ndet=     8      0.00 sec.    p( 4) p( 1)
 is=     3/    54  nterm=     5  ndet=   101      0.03 sec.    s( 1) p( 2) d( 1) p( 1)
 is=     4/    54  nterm=     5  ndet=    54      0.05 sec.    s( 1) p( 1) s( 1) p( 1) p( 1)
 is=     5/    54  nterm=     3  ndet=    17      0.00 sec.    s( 2) d( 2) p( 1)
 is=     6/    54  nterm=     2  ndet=    40      0.02 sec.    p( 2) d( 2) p( 1)
 is=     7/    54  nterm=     2  ndet=     8      0.02 sec.    p( 2) s( 2) p( 1)
 is=     8/    54  nterm=     1  ndet=    18      0.02 sec.    s( 2) p( 1) f( 1) p( 1)
 is=     9/    54  nterm=     2  ndet=    12      0.02 sec.    s( 2) p( 1) p( 1) p( 1)
 is=    10/    54  nterm=     1  ndet=     9      0.00 sec.    s( 2) p( 2) f( 1)
 is=    11/    54  nterm=     1  ndet=    88      0.05 sec.    s( 1) p( 2) d( 1) f( 1)
 is=    12/    54  nterm=     1  ndet=     9      0.00 sec.    p( 4) f( 1)
 is=    13/    54  nterm=     2  ndet=    54      0.05 sec.    s( 1) p( 1) s( 1) p( 1) f( 1)
 is=    14/    54  nterm=     1  ndet=    30      0.02 sec.    s( 2) p( 1) f( 1) f( 1)
 is=    15/    54  nterm=     1  ndet=    19      0.02 sec.    s( 2) d( 2) f( 1)
 is=    16/    54  nterm=     1  ndet=    45      0.02 sec.    p( 2) d( 2) f( 1)
 is=    17/    54  nterm=     1  ndet=    18      0.03 sec.    s( 2) p( 1) p( 1) f( 1)
 is=    18/    54  nterm=     1  ndet=     9      0.02 sec.    p( 2) s( 2) f( 1)
 is=    19/    54  nterm=     1  ndet=    60      0.05 sec.    s( 1) p( 1) d( 1) f( 1) p( 1)
 is=    20/    54  nterm=     1  ndet=     1      0.00 sec.    s( 2) s( 2) p( 1)
 is=    21/    54  nterm=     2  ndet=     3      0.00 sec.    s( 2) p( 1) s( 1) s( 1)
 is=    22/    54  nterm=     2  ndet=     6      0.00 sec.    p( 3) s( 1) s( 1)
 is=    23/    54  nterm=     2  ndet=     3      0.00 sec.    s( 2) s( 1) p( 1) s( 1)
 is=    24/    54  nterm=     2  ndet=     6      0.02 sec.    s( 1) p( 3) s( 1)
 is=    25/    54  nterm=     4  ndet=    30      0.03 sec.    s( 1) p( 1) s( 1) d( 1) s( 1)
 is=    26/    54  nterm=     4  ndet=    10      0.03 sec.    s( 1) p( 1) s( 1) s( 1) s( 1)
 is=    27/    54  nterm=     3  ndet=    24      0.03 sec.    s( 1) p( 2) p( 1) s( 1)
 is=    28/    54  nterm=     4  ndet=    26      0.06 sec.    p( 2) s( 1) p( 1) s( 1)
 is=    29/    54  nterm=     2  ndet=     3      0.02 sec.    s( 1) p( 1) s( 2) s( 1)
 is=    30/    54  nterm=     2  ndet=     9      0.03 sec.    s( 1) s( 1) s( 1) p( 1) s( 1)
 is=    31/    54  nterm=     2  ndet=     9      0.02 sec.    s( 2) p( 1) s( 1) d( 1)
 is=    32/    54  nterm=     2  ndet=    21      0.03 sec.    p( 3) s( 1) d( 1)
 is=    33/    54  nterm=     2  ndet=     9      0.02 sec.    s( 2) s( 1) p( 1) d( 1)
 is=    34/    54  nterm=     3  ndet=    24      0.03 sec.    s( 1) p( 3) d( 1)
 is=    35/    54  nterm=     4  ndet=    90      0.08 sec.    s( 1) p( 1) s( 1) d( 1) d( 1)
 is=    36/    54  nterm=     4  ndet=    30      0.06 sec.    s( 1) p( 1) s( 1) s( 1) d( 1)
 is=    37/    54  nterm=     8  ndet=   101      0.14 sec.    s( 1) p( 2) p( 1) d( 1)
 is=    38/    54  nterm=     5  ndet=    98      0.16 sec.    p( 2) s( 1) p( 1) d( 1)
 is=    39/    54  nterm=     2  ndet=     9      0.03 sec.    s( 1) p( 1) s( 2) d( 1)
 is=    40/    54  nterm=     2  ndet=    27      0.06 sec.    s( 1) s( 1) s( 1) p( 1) d( 1)
 is=    41/    54  nterm=     1  ndet=     6      0.02 sec.    s( 2) p( 1) d( 1) s( 1)
 is=    42/    54  nterm=     2  ndet=    33      0.08 sec.    s( 2) p( 1) d( 1) d( 1)
 is=    43/    54  nterm=     2  ndet=    97      0.11 sec.    p( 3) d( 1) d( 1)
 is=    44/    54  nterm=     2  ndet=    98      0.20 sec.    s( 1) p( 1) p( 2) d( 1)
 is=    45/    54  nterm=     3  ndet=   208      0.23 sec.    s( 1) p( 1) d( 2) d( 1)
 is=    46/    54  nterm=     1  ndet=   132      0.19 sec.    s( 1) p( 2) f( 1) d( 1)
 is=    47/    54  nterm=     2  ndet=   220      0.56 sec.    s( 1) p( 1) p( 1) p( 1) d( 1)
 is=    48/    54  nterm=     3  ndet=     8      0.05 sec.    s( 2) p( 1) p( 2)
 is=    49/    54  nterm=     4  ndet=    26      0.14 sec.    s( 1) p( 2) s( 1) p( 1)
 is=    50/    54  nterm=     3  ndet=    17      0.06 sec.    s( 2) p( 1) d( 2)
 is=    51/    54  nterm=     1  ndet=     1      0.02 sec.    s( 2) p( 1) s( 2)
 is=    52/    54  nterm=     1  ndet=     6      0.02 sec.    p( 3) p( 2)
 is=    53/    54  nterm=     1  ndet=     2      0.00 sec.    p( 3) s( 2)
 is=    54/    54  nterm=     1  ndet=    10      0.05 sec.    p( 3) d( 2)

 Results for new angular symmetry calculations:

 number of overlap determinants =       166       2.1
 number of overlap factors      =      4811       2.9
 total number of coeff.s        =    142820

 Partial wave:        0.05 min
--------------------------------------------------------------------------------

 Partial wave:     8

 It is new calculations 


 c-fail (cfg.inp) contains: 

 number of atomic states   =    65
 number of configurations  =    33
 number of ang. symmetries =    52
 i_case, kt,kdt           1           1           1           1           2
 i_case, kt,kdt           2           2           1           1           2
 i_case, kt,kdt           3           3           1           3          29
 i_case, kt,kdt           4           4           1           1          15
 i_case, kt,kdt           5           5           1           1           4
 i_case, kt,kdt           6           6           1           1          10
 i_case, kt,kdt           7           7           1           1           2
 i_case, kt,kdt           8           8           1           1           1
 i_case, kt,kdt           9           9           1           1           2
 i_case, kt,kdt          10          10           1           1           1
 i_case, kt,kdt          11          11           1           1           2
 i_case, kt,kdt          12          12           1           2          12
 i_case, kt,kdt          13          13           1           2           4
 i_case, kt,kdt          14          14           1           2           8
 i_case, kt,kdt          15          15           1           2          10
 i_case, kt,kdt          16          16           1           1           1
 i_case, kt,kdt          17          17           1           1           3
 i_case, kt,kdt          18          18           1           1           3
 i_case, kt,kdt          19          19           1           1           7
 i_case, kt,kdt          20          20           1           1           3
 i_case, kt,kdt          21          21           1           2           8
 i_case, kt,kdt          22          22           1           2          36
 i_case, kt,kdt          23          23           1           2          12
 i_case, kt,kdt          24          24           1           4          38
 i_case, kt,kdt          25          25           1           3          38
 i_case, kt,kdt          26          26           1           1           3
 i_case, kt,kdt          27          27           1           1           9
 i_case, kt,kdt          28          28           1           1          11
 i_case, kt,kdt          29          29           1           2          35
 i_case, kt,kdt          30          30           1           2          38
 i_case, kt,kdt          31          31           3           3          82
 i_case, kt,kdt          32          32           1           1          52
 i_case, kt,kdt          33          33           1           2          88
 is=     1/    33  nterm=     1  ndet=     2      0.00 sec.    s( 2) p( 2) p( 1)
 is=     2/    33  nterm=     1  ndet=     2      0.00 sec.    p( 4) p( 1)
 is=     3/    33  nterm=     3  ndet=    29      0.02 sec.    s( 1) p( 2) d( 1) p( 1)
 is=     4/    33  nterm=     1  ndet=    15      0.00 sec.    s( 1) p( 1) s( 1) p( 1) p( 1)
 is=     5/    33  nterm=     1  ndet=     4      0.00 sec.    s( 2) d( 2) p( 1)
 is=     6/    33  nterm=     1  ndet=    10      0.00 sec.    p( 2) d( 2) p( 1)
 is=     7/    33  nterm=     1  ndet=     2      0.00 sec.    p( 2) s( 2) p( 1)
 is=     8/    33  nterm=     1  ndet=     1      0.00 sec.    s( 2) p( 1) s( 1) s( 1)
 is=     9/    33  nterm=     1  ndet=     2      0.00 sec.    p( 3) s( 1) s( 1)
 is=    10/    33  nterm=     1  ndet=     1      0.00 sec.    s( 2) s( 1) p( 1) s( 1)
 is=    11/    33  nterm=     1  ndet=     2      0.00 sec.    s( 1) p( 3) s( 1)
 is=    12/    33  nterm=     2  ndet=    12      0.00 sec.    s( 1) p( 1) s( 1) d( 1) s( 1)
 is=    13/    33  nterm=     2  ndet=     4      0.00 sec.    s( 1) p( 1) s( 1) s( 1) s( 1)
 is=    14/    33  nterm=     2  ndet=     8      0.00 sec.    s( 1) p( 2) p( 1) s( 1)
 is=    15/    33  nterm=     2  ndet=    10      0.02 sec.    p( 2) s( 1) p( 1) s( 1)
 is=    16/    33  nterm=     1  ndet=     1      0.00 sec.    s( 1) p( 1) s( 2) s( 1)
 is=    17/    33  nterm=     1  ndet=     3      0.00 sec.    s( 1) s( 1) s( 1) p( 1) s( 1)
 is=    18/    33  nterm=     1  ndet=     3      0.00 sec.    s( 2) p( 1) s( 1) d( 1)
 is=    19/    33  nterm=     1  ndet=     7      0.00 sec.    p( 3) s( 1) d( 1)
 is=    20/    33  nterm=     1  ndet=     3      0.00 sec.    s( 2) s( 1) p( 1) d( 1)
 is=    21/    33  nterm=     2  ndet=     8      0.00 sec.    s( 1) p( 3) d( 1)
 is=    22/    33  nterm=     2  ndet=    36      0.02 sec.    s( 1) p( 1) s( 1) d( 1) d( 1)
 is=    23/    33  nterm=     2  ndet=    12      0.02 sec.    s( 1) p( 1) s( 1) s( 1) d( 1)
 is=    24/    33  nterm=     4  ndet=    38      0.02 sec.    s( 1) p( 2) p( 1) d( 1)
 is=    25/    33  nterm=     3  ndet=    38      0.03 sec.    p( 2) s( 1) p( 1) d( 1)
 is=    26/    33  nterm=     1  ndet=     3      0.00 sec.    s( 1) p( 1) s( 2) d( 1)
 is=    27/    33  nterm=     1  ndet=     9      0.02 sec.    s( 1) s( 1) s( 1) p( 1) d( 1)
 is=    28/    33  nterm=     1  ndet=    11      0.00 sec.    s( 2) p( 1) d( 1) d( 1)
 is=    29/    33  nterm=     2  ndet=    35      0.02 sec.    p( 3) d( 1) d( 1)
 is=    30/    33  nterm=     2  ndet=    38      0.03 sec.    s( 1) p( 1) p( 2) d( 1)
 is=    31/    33  nterm=     3  ndet=    82      0.03 sec.    s( 1) p( 1) d( 2) d( 1)
 is=    32/    33  nterm=     1  ndet=    52      0.03 sec.    s( 1) p( 2) f( 1) d( 1)
 is=    33/    33  nterm=     2  ndet=    88      0.09 sec.    s( 1) p( 1) p( 1) p( 1) d( 1)

 Results for new angular symmetry calculations:

 number of overlap determinants =       167       2.1
 number of overlap factors      =      3191       2.9
 total number of coeff.s        =     24691

 Partial wave:        0.01 min
--------------------------------------------------------------------------------

 Partial wave:     9

 It is new calculations 


 c-fail (cfg.inp) contains: 

 number of atomic states   =   166
 number of configurations  =    61
 number of ang. symmetries =   134
 i_case, kt,kdt           1           1           1           3           8
 i_case, kt,kdt           2           2           1           3           8
 i_case, kt,kdt           3           3           1           5         101
 i_case, kt,kdt           4           4           1           5          54
 i_case, kt,kdt           5           5           1           3          17
 i_case, kt,kdt           6           6           1           2          40
 i_case, kt,kdt           7           7           1           2           8
 i_case, kt,kdt           8           8           1           1           1
 i_case, kt,kdt           9           9           1           1          14
 i_case, kt,kdt          10          10           1           1           1
 i_case, kt,kdt          11          11           1           2           6
 i_case, kt,kdt          12          12           1           1           6
 i_case, kt,kdt          13          13           1           1           3
 i_case, kt,kdt          14          14           1           1           5
 i_case, kt,kdt          15          15           1           1           2
 i_case, kt,kdt          16          16           1           1           1
 i_case, kt,kdt          17          17           1           1          18
 i_case, kt,kdt          18          18           1           2          12
 i_case, kt,kdt          19          19           1           1           9
 i_case, kt,kdt          20          20           1           1          88
 i_case, kt,kdt          21          21           2           1           9
 i_case, kt,kdt          22          22           1           2          54
 i_case, kt,kdt          23          23           1           1          30
 i_case, kt,kdt          24          24           1           1          19
 i_case, kt,kdt          25          25           1           1          45
 i_case, kt,kdt          26          26           1           1          18
 i_case, kt,kdt          27          27           1           1           9
 i_case, kt,kdt          28          28           1           1          60
 i_case, kt,kdt          29          29           1           1           1
 i_case, kt,kdt          30          30           1           2           3
 i_case, kt,kdt          31          31           1           2           6
 i_case, kt,kdt          32          32           1           2           3
 i_case, kt,kdt          33          33           1           3           9
 i_case, kt,kdt          34          34           1           4          30
 i_case, kt,kdt          35          35           1           4          10
 i_case, kt,kdt          36          36           1           5          39
 i_case, kt,kdt          37          37           1           5          39
 i_case, kt,kdt          38          38           1           2           3
 i_case, kt,kdt          39          39           1           2           9
 i_case, kt,kdt          40          40           1           2           9
 i_case, kt,kdt          41          41           1           2          21
 i_case, kt,kdt          42          42           1           2           9
 i_case, kt,kdt          43          43           1           3          24
 i_case, kt,kdt          44          44           1           4          90
 i_case, kt,kdt          45          45           1           4          30
 i_case, kt,kdt          46          46           1           5          98
 i_case, kt,kdt          47          47           1           5          98
 i_case, kt,kdt          48          48           1           2           9
 i_case, kt,kdt          49          49           1           2          27
 i_case, kt,kdt          50          50           1           2          15
 i_case, kt,kdt          51          51           1           2          33
 i_case, kt,kdt          52          52           1           2          44
 i_case, kt,kdt          53          53           1           2          39
 i_case, kt,kdt          54          54           1           3          89
 i_case, kt,kdt          55          55           1           1          66
 i_case, kt,kdt          56          56           1           2          90
 i_case, kt,kdt          57          57           1           2          97
 i_case, kt,kdt          58          58           1           2          98
 i_case, kt,kdt          59          59           1           3         208
 i_case, kt,kdt          60          60           1           1         132
 i_case, kt,kdt          61          61           1           2         220
 is=     1/    61  nterm=     3  ndet=     8      0.00 sec.    s( 2) p( 2) d( 1)
 is=     2/    61  nterm=     3  ndet=     8      0.00 sec.    p( 4) d( 1)
 is=     3/    61  nterm=     5  ndet=   101      0.02 sec.    s( 1) p( 2) d( 1) d( 1)
 is=     4/    61  nterm=     5  ndet=    54      0.02 sec.    s( 1) p( 1) s( 1) p( 1) d( 1)
 is=     5/    61  nterm=     3  ndet=    17      0.02 sec.    s( 2) d( 2) d( 1)
 is=     6/    61  nterm=     2  ndet=    40      0.00 sec.    p( 2) d( 2) d( 1)
 is=     7/    61  nterm=     2  ndet=     8      0.00 sec.    p( 2) s( 2) d( 1)
 is=     8/    61  nterm=     1  ndet=     1      0.00 sec.    s( 2) p( 2) s( 1)
 is=     9/    61  nterm=     1  ndet=    14      0.02 sec.    s( 1) p( 2) d( 1) s( 1)
 is=    10/    61  nterm=     1  ndet=     1      0.00 sec.    p( 4) s( 1)
 is=    11/    61  nterm=     2  ndet=     6      0.02 sec.    s( 1) p( 1) s( 1) p( 1) s( 1)
 is=    12/    61  nterm=     1  ndet=     6      0.00 sec.    s( 2) p( 1) f( 1) s( 1)
 is=    13/    61  nterm=     1  ndet=     3      0.00 sec.    s( 2) d( 2) s( 1)
 is=    14/    61  nterm=     1  ndet=     5      0.02 sec.    p( 2) d( 2) s( 1)
 is=    15/    61  nterm=     1  ndet=     2      0.00 sec.    s( 2) p( 1) p( 1) s( 1)
 is=    16/    61  nterm=     1  ndet=     1      0.02 sec.    p( 2) s( 2) s( 1)
 is=    17/    61  nterm=     1  ndet=    18      0.00 sec.    s( 2) p( 1) f( 1) d( 1)
 is=    18/    61  nterm=     2  ndet=    12      0.03 sec.    s( 2) p( 1) p( 1) d( 1)
 is=    19/    61  nterm=     1  ndet=     9      0.00 sec.    s( 2) p( 2) g( 1)
 is=    20/    61  nterm=     1  ndet=    88      0.03 sec.    s( 1) p( 2) d( 1) g( 1)
 is=    21/    61  nterm=     1  ndet=     9      0.02 sec.    p( 4) g( 1)
 is=    22/    61  nterm=     2  ndet=    54      0.03 sec.    s( 1) p( 1) s( 1) p( 1) g( 1)
 is=    23/    61  nterm=     1  ndet=    30      0.02 sec.    s( 2) p( 1) f( 1) g( 1)
 is=    24/    61  nterm=     1  ndet=    19      0.02 sec.    s( 2) d( 2) g( 1)
 is=    25/    61  nterm=     1  ndet=    45      0.02 sec.    p( 2) d( 2) g( 1)
 is=    26/    61  nterm=     1  ndet=    18      0.02 sec.    s( 2) p( 1) p( 1) g( 1)
 is=    27/    61  nterm=     1  ndet=     9      0.03 sec.    p( 2) s( 2) g( 1)
 is=    28/    61  nterm=     1  ndet=    60      0.05 sec.    s( 1) p( 1) d( 1) f( 1) d( 1)
 is=    29/    61  nterm=     1  ndet=     1      0.00 sec.    s( 2) s( 2) d( 1)
 is=    30/    61  nterm=     2  ndet=     3      0.00 sec.    s( 2) p( 1) s( 1) p( 1)
 is=    31/    61  nterm=     2  ndet=     6      0.02 sec.    p( 3) s( 1) p( 1)
 is=    32/    61  nterm=     2  ndet=     3      0.02 sec.    s( 2) s( 1) p( 1) p( 1)
 is=    33/    61  nterm=     3  ndet=     9      0.00 sec.    s( 1) p( 3) p( 1)
 is=    34/    61  nterm=     4  ndet=    30      0.06 sec.    s( 1) p( 1) s( 1) d( 1) p( 1)
 is=    35/    61  nterm=     4  ndet=    10      0.03 sec.    s( 1) p( 1) s( 1) s( 1) p( 1)
 is=    36/    61  nterm=     5  ndet=    39      0.06 sec.    s( 1) p( 2) p( 1) p( 1)
 is=    37/    61  nterm=     5  ndet=    39      0.09 sec.    p( 2) s( 1) p( 1) p( 1)
 is=    38/    61  nterm=     2  ndet=     3      0.02 sec.    s( 1) p( 1) s( 2) p( 1)
 is=    39/    61  nterm=     2  ndet=     9      0.03 sec.    s( 1) s( 1) s( 1) p( 1) p( 1)
 is=    40/    61  nterm=     2  ndet=     9      0.02 sec.    s( 2) p( 1) s( 1) f( 1)
 is=    41/    61  nterm=     2  ndet=    21      0.05 sec.    p( 3) s( 1) f( 1)
 is=    42/    61  nterm=     2  ndet=     9      0.00 sec.    s( 2) s( 1) p( 1) f( 1)
 is=    43/    61  nterm=     3  ndet=    24      0.05 sec.    s( 1) p( 3) f( 1)
 is=    44/    61  nterm=     4  ndet=    90      0.11 sec.    s( 1) p( 1) s( 1) d( 1) f( 1)
 is=    45/    61  nterm=     4  ndet=    30      0.03 sec.    s( 1) p( 1) s( 1) s( 1) f( 1)
 is=    46/    61  nterm=     5  ndet=    98      0.16 sec.    s( 1) p( 2) p( 1) f( 1)
 is=    47/    61  nterm=     5  ndet=    98      0.16 sec.    p( 2) s( 1) p( 1) f( 1)
 is=    48/    61  nterm=     2  ndet=     9      0.03 sec.    s( 1) p( 1) s( 2) f( 1)
 is=    49/    61  nterm=     2  ndet=    27      0.05 sec.    s( 1) s( 1) s( 1) p( 1) f( 1)
 is=    50/    61  nterm=     2  ndet=    15      0.05 sec.    s( 2) p( 1) d( 1) p( 1)
 is=    51/    61  nterm=     2  ndet=    33      0.06 sec.    s( 2) p( 1) d( 1) f( 1)
 is=    52/    61  nterm=     2  ndet=    44      0.06 sec.    p( 3) d( 1) p( 1)
 is=    53/    61  nterm=     2  ndet=    39      0.11 sec.    s( 1) p( 1) p( 2) p( 1)
 is=    54/    61  nterm=     3  ndet=    89      0.12 sec.    s( 1) p( 1) d( 2) p( 1)
 is=    55/    61  nterm=     1  ndet=    66      0.12 sec.    s( 1) p( 2) f( 1) p( 1)
 is=    56/    61  nterm=     2  ndet=    90      0.28 sec.    s( 1) p( 1) p( 1) p( 1) p( 1)
 is=    57/    61  nterm=     2  ndet=    97      0.11 sec.    p( 3) d( 1) f( 1)
 is=    58/    61  nterm=     2  ndet=    98      0.19 sec.    s( 1) p( 1) p( 2) f( 1)
 is=    59/    61  nterm=     3  ndet=   208      0.23 sec.    s( 1) p( 1) d( 2) f( 1)
 is=    60/    61  nterm=     1  ndet=   132      0.20 sec.    s( 1) p( 2) f( 1) f( 1)
 is=    61/    61  nterm=     2  ndet=   220      0.55 sec.    s( 1) p( 1) p( 1) p( 1) f( 1)

 Results for new angular symmetry calculations:

 number of overlap determinants =       129       2.0
 number of overlap factors      =      4830       3.1
 total number of coeff.s        =    133553

 Partial wave:        0.06 min
--------------------------------------------------------------------------------

 Partial wave:    10

 It is new calculations 


 c-fail (cfg.inp) contains: 

 number of atomic states   =    83
 number of configurations  =    39
 number of ang. symmetries =    67
 i_case, kt,kdt           1           1           1           1           2
 i_case, kt,kdt           2           2           1           1           2
 i_case, kt,kdt           3           3           1           3          29
 i_case, kt,kdt           4           4           1           1          15
 i_case, kt,kdt           5           5           1           1           4
 i_case, kt,kdt           6           6           1           1          10
 i_case, kt,kdt           7           7           1           1           2
 i_case, kt,kdt           8           8           1           1           1
 i_case, kt,kdt           9           9           1           1           2
 i_case, kt,kdt          10          10           1           1           1
 i_case, kt,kdt          11          11           1           2           3
 i_case, kt,kdt          12          12           1           2          12
 i_case, kt,kdt          13          13           1           2           4
 i_case, kt,kdt          14          14           1           4          15
 i_case, kt,kdt          15          15           1           3          15
 i_case, kt,kdt          16          16           1           1           1
 i_case, kt,kdt          17          17           1           1           3
 i_case, kt,kdt          18          18           1           1           3
 i_case, kt,kdt          19          19           1           1           7
 i_case, kt,kdt          20          20           1           1           3
 i_case, kt,kdt          21          21           1           2           8
 i_case, kt,kdt          22          22           1           2          36
 i_case, kt,kdt          23          23           1           2          12
 i_case, kt,kdt          24          24           1           4          38
 i_case, kt,kdt          25          25           1           3          38
 i_case, kt,kdt          26          26           1           1           3
 i_case, kt,kdt          27          27           1           1           9
 i_case, kt,kdt          28          28           1           1           5
 i_case, kt,kdt          29          29           1           2          16
 i_case, kt,kdt          30          30           1           2          15
 i_case, kt,kdt          31          31           1           3          35
 i_case, kt,kdt          32          32           1           1          26
 i_case, kt,kdt          33          33           1           2          36
 i_case, kt,kdt          34          34           1           1          11
 i_case, kt,kdt          35          35           1           2          35
 i_case, kt,kdt          36          36           1           2          38
 i_case, kt,kdt          37          37           1           3          82
 i_case, kt,kdt          38          38           1           1          52
 i_case, kt,kdt          39          39           1           2          88
 is=     1/    39  nterm=     1  ndet=     2      0.00 sec.    s( 2) p( 2) d( 1)
 is=     2/    39  nterm=     1  ndet=     2      0.00 sec.    p( 4) d( 1)
 is=     3/    39  nterm=     3  ndet=    29      0.00 sec.    s( 1) p( 2) d( 1) d( 1)
 is=     4/    39  nterm=     1  ndet=    15      0.02 sec.    s( 1) p( 1) s( 1) p( 1) d( 1)
 is=     5/    39  nterm=     1  ndet=     4      0.00 sec.    s( 2) d( 2) d( 1)
 is=     6/    39  nterm=     1  ndet=    10      0.00 sec.    p( 2) d( 2) d( 1)
 is=     7/    39  nterm=     1  ndet=     2      0.00 sec.    p( 2) s( 2) d( 1)
 is=     8/    39  nterm=     1  ndet=     1      0.00 sec.    s( 2) p( 1) s( 1) p( 1)
 is=     9/    39  nterm=     1  ndet=     2      0.00 sec.    p( 3) s( 1) p( 1)
 is=    10/    39  nterm=     1  ndet=     1      0.00 sec.    s( 2) s( 1) p( 1) p( 1)
 is=    11/    39  nterm=     2  ndet=     3      0.00 sec.    s( 1) p( 3) p( 1)
 is=    12/    39  nterm=     2  ndet=    12      0.00 sec.    s( 1) p( 1) s( 1) d( 1) p( 1)
 is=    13/    39  nterm=     2  ndet=     4      0.00 sec.    s( 1) p( 1) s( 1) s( 1) p( 1)
 is=    14/    39  nterm=     4  ndet=    15      0.00 sec.    s( 1) p( 2) p( 1) p( 1)
 is=    15/    39  nterm=     3  ndet=    15      0.02 sec.    p( 2) s( 1) p( 1) p( 1)
 is=    16/    39  nterm=     1  ndet=     1      0.00 sec.    s( 1) p( 1) s( 2) p( 1)
 is=    17/    39  nterm=     1  ndet=     3      0.00 sec.    s( 1) s( 1) s( 1) p( 1) p( 1)
 is=    18/    39  nterm=     1  ndet=     3      0.02 sec.    s( 2) p( 1) s( 1) f( 1)
 is=    19/    39  nterm=     1  ndet=     7      0.00 sec.    p( 3) s( 1) f( 1)
 is=    20/    39  nterm=     1  ndet=     3      0.00 sec.    s( 2) s( 1) p( 1) f( 1)
 is=    21/    39  nterm=     2  ndet=     8      0.02 sec.    s( 1) p( 3) f( 1)
 is=    22/    39  nterm=     2  ndet=    36      0.00 sec.    s( 1) p( 1) s( 1) d( 1) f( 1)
 is=    23/    39  nterm=     2  ndet=    12      0.02 sec.    s( 1) p( 1) s( 1) s( 1) f( 1)
 is=    24/    39  nterm=     4  ndet=    38      0.03 sec.    s( 1) p( 2) p( 1) f( 1)
 is=    25/    39  nterm=     3  ndet=    38      0.03 sec.    p( 2) s( 1) p( 1) f( 1)
 is=    26/    39  nterm=     1  ndet=     3      0.00 sec.    s( 1) p( 1) s( 2) f( 1)
 is=    27/    39  nterm=     1  ndet=     9      0.02 sec.    s( 1) s( 1) s( 1) p( 1) f( 1)
 is=    28/    39  nterm=     1  ndet=     5      0.00 sec.    s( 2) p( 1) d( 1) p( 1)
 is=    29/    39  nterm=     2  ndet=    16      0.02 sec.    p( 3) d( 1) p( 1)
 is=    30/    39  nterm=     2  ndet=    15      0.03 sec.    s( 1) p( 1) p( 2) p( 1)
 is=    31/    39  nterm=     3  ndet=    35      0.02 sec.    s( 1) p( 1) d( 2) p( 1)
 is=    32/    39  nterm=     1  ndet=    26      0.03 sec.    s( 1) p( 2) f( 1) p( 1)
 is=    33/    39  nterm=     2  ndet=    36      0.08 sec.    s( 1) p( 1) p( 1) p( 1) p( 1)
 is=    34/    39  nterm=     1  ndet=    11      0.02 sec.    s( 2) p( 1) d( 1) f( 1)
 is=    35/    39  nterm=     2  ndet=    35      0.02 sec.    p( 3) d( 1) f( 1)
 is=    36/    39  nterm=     2  ndet=    38      0.05 sec.    s( 1) p( 1) p( 2) f( 1)
 is=    37/    39  nterm=     3  ndet=    82      0.05 sec.    s( 1) p( 1) d( 2) f( 1)
 is=    38/    39  nterm=     1  ndet=    52      0.05 sec.    s( 1) p( 2) f( 1) f( 1)
 is=    39/    39  nterm=     2  ndet=    88      0.20 sec.    s( 1) p( 1) p( 1) p( 1) f( 1)

 Results for new angular symmetry calculations:

 number of overlap determinants =       114       1.9
 number of overlap factors      =      3532       3.0
 total number of coeff.s        =     49169

 Partial wave:        0.01 min
--------------------------------------------------------------------------------

 Partial wave:    11

 It is new calculations 


 c-fail (cfg.inp) contains: 

 number of atomic states   =   156
 number of configurations  =    58
 number of ang. symmetries =   125
 i_case, kt,kdt           1           1           1           2           4
 i_case, kt,kdt           2           2           1           2           4
 i_case, kt,kdt           3           3           1           4          62
 i_case, kt,kdt           4           4           1           3          27
 i_case, kt,kdt           5           5           1           2          10
 i_case, kt,kdt           6           6           1           2          20
 i_case, kt,kdt           7           7           1           2           4
 i_case, kt,kdt           8           8           1           2          11
 i_case, kt,kdt           9           9           1           2          11
 i_case, kt,kdt          10          10           1           4         137
 i_case, kt,kdt          11          11           1           3          72
 i_case, kt,kdt          12          12           5           2          23
 i_case, kt,kdt          13          13           3           2          55
 i_case, kt,kdt          14          14           1           2          11
 i_case, kt,kdt          15          15           1           1          12
 i_case, kt,kdt          16          16           1           1           6
 i_case, kt,kdt          17          17           1           1          24
 i_case, kt,kdt          18          18           1           1          16
 i_case, kt,kdt          19          19           1           2           6
 i_case, kt,kdt          20          20           1           2          15
 i_case, kt,kdt          21          21           1           2           6
 i_case, kt,kdt          22          22           1           5          19
 i_case, kt,kdt          23          23           1           4          60
 i_case, kt,kdt          24          24           1           4          20
 i_case, kt,kdt          25          25           1           6          75
 i_case, kt,kdt          26          26           1           5          72
 i_case, kt,kdt          27          27           1           2           6
 i_case, kt,kdt          28          28           1           2          18
 i_case, kt,kdt          29          29           1           2          24
 i_case, kt,kdt          30          30           1           1           3
 i_case, kt,kdt          31          31           1           1           6
 i_case, kt,kdt          32          32           1           2          19
 i_case, kt,kdt          33          33           1           2          13
 i_case, kt,kdt          34          34           1           3          33
 i_case, kt,kdt          35          35           1           2          13
 i_case, kt,kdt          36          36           1           1          33
 i_case, kt,kdt          37          37           1           1          10
 i_case, kt,kdt          38          38           1           2          30
 i_case, kt,kdt          39          39           1           2          72
 i_case, kt,kdt          40          40           1           2          72
 i_case, kt,kdt          41          41           3           3         152
 i_case, kt,kdt          42          42           1           1          99
 i_case, kt,kdt          43          43           1           2         160
 i_case, kt,kdt          44          44           1           1          27
 i_case, kt,kdt          45          45           1           1          39
 i_case, kt,kdt          46          46           1           2         116
 i_case, kt,kdt          47          47           1           2         111
 i_case, kt,kdt          48          48           3           3         241
 i_case, kt,kdt          49          49           1           2         111
 i_case, kt,kdt          50          50           1           1         165
 i_case, kt,kdt          51          51           1           1          99
 i_case, kt,kdt          52          52           1           2         250
 i_case, kt,kdt          53          53           1           2           4
 i_case, kt,kdt          54          54           1           4          13
 i_case, kt,kdt          55          55           1           2          10
 i_case, kt,kdt          56          56           1           1           3
 i_case, kt,kdt          57          57           1           1           5
 i_case, kt,kdt          58          58           1           1           1
 is=     1/    58  nterm=     2  ndet=     4      0.00 sec.    s( 2) p( 2) p( 1)
 is=     2/    58  nterm=     2  ndet=     4      0.00 sec.    p( 4) p( 1)
 is=     3/    58  nterm=     4  ndet=    62      0.03 sec.    s( 1) p( 2) d( 1) p( 1)
 is=     4/    58  nterm=     3  ndet=    27      0.02 sec.    s( 1) p( 1) s( 1) p( 1) p( 1)
 is=     5/    58  nterm=     2  ndet=    10      0.02 sec.    s( 2) d( 2) p( 1)
 is=     6/    58  nterm=     2  ndet=    20      0.00 sec.    p( 2) d( 2) p( 1)
 is=     7/    58  nterm=     2  ndet=     4      0.00 sec.    p( 2) s( 2) p( 1)
 is=     8/    58  nterm=     2  ndet=    11      0.02 sec.    s( 2) p( 2) f( 1)
 is=     9/    58  nterm=     2  ndet=    11      0.00 sec.    p( 4) f( 1)
 is=    10/    58  nterm=     4  ndet=   137      0.06 sec.    s( 1) p( 2) d( 1) f( 1)
 is=    11/    58  nterm=     3  ndet=    72      0.05 sec.    s( 1) p( 1) s( 1) p( 1) f( 1)
 is=    12/    58  nterm=     2  ndet=    23      0.02 sec.    s( 2) d( 2) f( 1)
 is=    13/    58  nterm=     2  ndet=    55      0.03 sec.    p( 2) d( 2) f( 1)
 is=    14/    58  nterm=     2  ndet=    11      0.02 sec.    p( 2) s( 2) f( 1)
 is=    15/    58  nterm=     1  ndet=    12      0.02 sec.    s( 2) p( 1) f( 1) p( 1)
 is=    16/    58  nterm=     1  ndet=     6      0.02 sec.    s( 2) p( 1) p( 1) p( 1)
 is=    17/    58  nterm=     1  ndet=    24      0.03 sec.    s( 2) p( 1) f( 1) f( 1)
 is=    18/    58  nterm=     1  ndet=    16      0.02 sec.    s( 2) p( 1) p( 1) f( 1)
 is=    19/    58  nterm=     2  ndet=     6      0.02 sec.    s( 2) p( 1) s( 1) d( 1)
 is=    20/    58  nterm=     2  ndet=    15      0.02 sec.    p( 3) s( 1) d( 1)
 is=    21/    58  nterm=     2  ndet=     6      0.00 sec.    s( 2) s( 1) p( 1) d( 1)
 is=    22/    58  nterm=     5  ndet=    19      0.02 sec.    s( 1) p( 3) d( 1)
 is=    23/    58  nterm=     4  ndet=    60      0.06 sec.    s( 1) p( 1) s( 1) d( 1) d( 1)
 is=    24/    58  nterm=     4  ndet=    20      0.03 sec.    s( 1) p( 1) s( 1) s( 1) d( 1)
 is=    25/    58  nterm=     6  ndet=    75      0.12 sec.    s( 1) p( 2) p( 1) d( 1)
 is=    26/    58  nterm=     5  ndet=    72      0.11 sec.    p( 2) s( 1) p( 1) d( 1)
 is=    27/    58  nterm=     2  ndet=     6      0.02 sec.    s( 1) p( 1) s( 2) d( 1)
 is=    28/    58  nterm=     2  ndet=    18      0.05 sec.    s( 1) s( 1) s( 1) p( 1) d( 1)
 is=    29/    58  nterm=     2  ndet=    24      0.05 sec.    s( 2) p( 1) d( 1) d( 1)
 is=    30/    58  nterm=     1  ndet=     3      0.02 sec.    s( 1) p( 3) s( 1)
 is=    31/    58  nterm=     1  ndet=     6      0.02 sec.    s( 2) p( 1) d( 1) s( 1)
 is=    32/    58  nterm=     2  ndet=    19      0.03 sec.    p( 3) d( 1) s( 1)
 is=    33/    58  nterm=     2  ndet=    13      0.06 sec.    s( 1) p( 1) p( 2) s( 1)
 is=    34/    58  nterm=     3  ndet=    33      0.05 sec.    s( 1) p( 1) d( 2) s( 1)
 is=    35/    58  nterm=     2  ndet=    13      0.05 sec.    s( 1) p( 2) p( 1) s( 1)
 is=    36/    58  nterm=     1  ndet=    33      0.06 sec.    s( 1) p( 2) f( 1) s( 1)
 is=    37/    58  nterm=     1  ndet=    10      0.03 sec.    p( 2) s( 1) p( 1) s( 1)
 is=    38/    58  nterm=     2  ndet=    30      0.12 sec.    s( 1) p( 1) p( 1) p( 1) s( 1)
 is=    39/    58  nterm=     2  ndet=    72      0.06 sec.    p( 3) d( 1) d( 1)
 is=    40/    58  nterm=     2  ndet=    72      0.17 sec.    s( 1) p( 1) p( 2) d( 1)
 is=    41/    58  nterm=     3  ndet=   152      0.16 sec.    s( 1) p( 1) d( 2) d( 1)
 is=    42/    58  nterm=     1  ndet=    99      0.14 sec.    s( 1) p( 2) f( 1) d( 1)
 is=    43/    58  nterm=     2  ndet=   160      0.45 sec.    s( 1) p( 1) p( 1) p( 1) d( 1)
 is=    44/    58  nterm=     1  ndet=    27      0.06 sec.    s( 1) p( 3) g( 1)
 is=    45/    58  nterm=     1  ndet=    39      0.08 sec.    s( 2) p( 1) d( 1) g( 1)
 is=    46/    58  nterm=     2  ndet=   116      0.14 sec.    p( 3) d( 1) g( 1)
 is=    47/    58  nterm=     2  ndet=   111      0.22 sec.    s( 1) p( 1) p( 2) g( 1)
 is=    48/    58  nterm=     3  ndet=   241      0.31 sec.    s( 1) p( 1) d( 2) g( 1)
 is=    49/    58  nterm=     2  ndet=   111      0.25 sec.    s( 1) p( 2) p( 1) g( 1)
 is=    50/    58  nterm=     1  ndet=   165      0.27 sec.    s( 1) p( 2) f( 1) g( 1)
 is=    51/    58  nterm=     1  ndet=    99      0.25 sec.    p( 2) s( 1) p( 1) g( 1)
 is=    52/    58  nterm=     2  ndet=   250      0.70 sec.    s( 1) p( 1) p( 1) p( 1) g( 1)
 is=    53/    58  nterm=     2  ndet=     4      0.03 sec.    s( 2) p( 1) p( 2)
 is=    54/    58  nterm=     4  ndet=    13      0.09 sec.    s( 1) p( 2) s( 1) p( 1)
 is=    55/    58  nterm=     2  ndet=    10      0.02 sec.    s( 2) p( 1) d( 2)
 is=    56/    58  nterm=     1  ndet=     3      0.02 sec.    p( 3) p( 2)
 is=    57/    58  nterm=     1  ndet=     5      0.02 sec.    p( 3) d( 2)
 is=    58/    58  nterm=     1  ndet=     1      0.02 sec.    p( 3) s( 2)

 Results for new angular symmetry calculations:

 number of overlap determinants =        90       1.7
 number of overlap factors      =      3713       3.2
 total number of coeff.s        =     87701

 Partial wave:        0.08 min
--------------------------------------------------------------------------------

 Partial wave:    12

 It is new calculations 


 c-fail (cfg.inp) contains: 

 number of atomic states   =   101
 number of configurations  =    48
 number of ang. symmetries =    83
 i_case, kt,kdt           1           1           1           1           1
 i_case, kt,kdt           2           2           1           1           1
 i_case, kt,kdt           3           3           1           3          14
 i_case, kt,kdt           4           4           1           1           6
 i_case, kt,kdt           5           5           1           1           2
 i_case, kt,kdt           6           6           1           1           5
 i_case, kt,kdt           7           7           1           1           1
 i_case, kt,kdt           8           8           1           1           3
 i_case, kt,kdt           9           9           1           1           3
 i_case, kt,kdt          10          10           1           3          43
 i_case, kt,kdt          11          11           1           1          21
 i_case, kt,kdt          12          12           5           1           6
 i_case, kt,kdt          13          13           3           1          15
 i_case, kt,kdt          14          14           1           1           3
 i_case, kt,kdt          15          15           1           3           8
 i_case, kt,kdt          16          16           3           4          74
 i_case, kt,kdt          17          17           1           3          34
 i_case, kt,kdt          18          18           1           5          34
 i_case, kt,kdt          19          19           1           4          34
 i_case, kt,kdt          20          20           1           3          80
 i_case, kt,kdt          21          21           1           1           2
 i_case, kt,kdt          22          22           1           1           5
 i_case, kt,kdt          23          23           1           1           2
 i_case, kt,kdt          24          24           1           2          24
 i_case, kt,kdt          25          25           1           2           8
 i_case, kt,kdt          26          26           1           1           2
 i_case, kt,kdt          27          27           1           1           6
 i_case, kt,kdt          28          28           1           1           1
 i_case, kt,kdt          29          29           1           1           2
 i_case, kt,kdt          30          30           1           2           7
 i_case, kt,kdt          31          31           1           2           5
 i_case, kt,kdt          32          32           1           3          13
 i_case, kt,kdt          33          33           1           2           5
 i_case, kt,kdt          34          34           1           1          13
 i_case, kt,kdt          35          35           1           1           4
 i_case, kt,kdt          36          36           1           2          12
 i_case, kt,kdt          37          37           1           1           8
 i_case, kt,kdt          38          38           1           2          26
 i_case, kt,kdt          39          39           1           1          39
 i_case, kt,kdt          40          40           1           1           9
 i_case, kt,kdt          41          41           1           1          13
 i_case, kt,kdt          42          42           1           2          42
 i_case, kt,kdt          43          43           1           2          43
 i_case, kt,kdt          44          44           3           3          95
 i_case, kt,kdt          45          45           1           2          43
 i_case, kt,kdt          46          46           1           1          65
 i_case, kt,kdt          47          47           1           1          39
 i_case, kt,kdt          48          48           1           2         100
 is=     1/    48  nterm=     1  ndet=     1      0.00 sec.    s( 2) p( 2) p( 1)
 is=     2/    48  nterm=     1  ndet=     1      0.00 sec.    p( 4) p( 1)
 is=     3/    48  nterm=     3  ndet=    14      0.02 sec.    s( 1) p( 2) d( 1) p( 1)
 is=     4/    48  nterm=     1  ndet=     6      0.00 sec.    s( 1) p( 1) s( 1) p( 1) p( 1)
 is=     5/    48  nterm=     1  ndet=     2      0.00 sec.    s( 2) d( 2) p( 1)
 is=     6/    48  nterm=     1  ndet=     5      0.00 sec.    p( 2) d( 2) p( 1)
 is=     7/    48  nterm=     1  ndet=     1      0.00 sec.    p( 2) s( 2) p( 1)
 is=     8/    48  nterm=     1  ndet=     3      0.00 sec.    s( 2) p( 2) f( 1)
 is=     9/    48  nterm=     1  ndet=     3      0.00 sec.    p( 4) f( 1)
 is=    10/    48  nterm=     3  ndet=    43      0.00 sec.    s( 1) p( 2) d( 1) f( 1)
 is=    11/    48  nterm=     1  ndet=    21      0.00 sec.    s( 1) p( 1) s( 1) p( 1) f( 1)
 is=    12/    48  nterm=     1  ndet=     6      0.00 sec.    s( 2) d( 2) f( 1)
 is=    13/    48  nterm=     1  ndet=    15      0.00 sec.    p( 2) d( 2) f( 1)
 is=    14/    48  nterm=     1  ndet=     3      0.00 sec.    p( 2) s( 2) f( 1)
 is=    15/    48  nterm=     3  ndet=     8      0.00 sec.    s( 1) p( 3) d( 1)
 is=    16/    48  nterm=     4  ndet=    74      0.02 sec.    s( 1) p( 1) d( 2) d( 1)
 is=    17/    48  nterm=     3  ndet=    34      0.02 sec.    s( 1) p( 1) p( 2) d( 1)
 is=    18/    48  nterm=     5  ndet=    34      0.03 sec.    s( 1) p( 2) p( 1) d( 1)
 is=    19/    48  nterm=     4  ndet=    34      0.03 sec.    p( 2) s( 1) p( 1) d( 1)
 is=    20/    48  nterm=     3  ndet=    80      0.09 sec.    s( 1) p( 1) p( 1) p( 1) d( 1)
 is=    21/    48  nterm=     1  ndet=     2      0.00 sec.    s( 2) p( 1) s( 1) d( 1)
 is=    22/    48  nterm=     1  ndet=     5      0.02 sec.    p( 3) s( 1) d( 1)
 is=    23/    48  nterm=     1  ndet=     2      0.00 sec.    s( 2) s( 1) p( 1) d( 1)
 is=    24/    48  nterm=     2  ndet=    24      0.02 sec.    s( 1) p( 1) s( 1) d( 1) d( 1)
 is=    25/    48  nterm=     2  ndet=     8      0.02 sec.    s( 1) p( 1) s( 1) s( 1) d( 1)
 is=    26/    48  nterm=     1  ndet=     2      0.00 sec.    s( 1) p( 1) s( 2) d( 1)
 is=    27/    48  nterm=     1  ndet=     6      0.02 sec.    s( 1) s( 1) s( 1) p( 1) d( 1)
 is=    28/    48  nterm=     1  ndet=     1      0.00 sec.    s( 1) p( 3) s( 1)
 is=    29/    48  nterm=     1  ndet=     2      0.00 sec.    s( 2) p( 1) d( 1) s( 1)
 is=    30/    48  nterm=     2  ndet=     7      0.02 sec.    p( 3) d( 1) s( 1)
 is=    31/    48  nterm=     2  ndet=     5      0.02 sec.    s( 1) p( 1) p( 2) s( 1)
 is=    32/    48  nterm=     3  ndet=    13      0.02 sec.    s( 1) p( 1) d( 2) s( 1)
 is=    33/    48  nterm=     2  ndet=     5      0.02 sec.    s( 1) p( 2) p( 1) s( 1)
 is=    34/    48  nterm=     1  ndet=    13      0.02 sec.    s( 1) p( 2) f( 1) s( 1)
 is=    35/    48  nterm=     1  ndet=     4      0.02 sec.    p( 2) s( 1) p( 1) s( 1)
 is=    36/    48  nterm=     2  ndet=    12      0.03 sec.    s( 1) p( 1) p( 1) p( 1) s( 1)
 is=    37/    48  nterm=     1  ndet=     8      0.02 sec.    s( 2) p( 1) d( 1) d( 1)
 is=    38/    48  nterm=     2  ndet=    26      0.03 sec.    p( 3) d( 1) d( 1)
 is=    39/    48  nterm=     1  ndet=    39      0.03 sec.    s( 1) p( 2) f( 1) d( 1)
 is=    40/    48  nterm=     1  ndet=     9      0.02 sec.    s( 1) p( 3) g( 1)
 is=    41/    48  nterm=     1  ndet=    13      0.00 sec.    s( 2) p( 1) d( 1) g( 1)
 is=    42/    48  nterm=     2  ndet=    42      0.02 sec.    p( 3) d( 1) g( 1)
 is=    43/    48  nterm=     2  ndet=    43      0.06 sec.    s( 1) p( 1) p( 2) g( 1)
 is=    44/    48  nterm=     3  ndet=    95      0.06 sec.    s( 1) p( 1) d( 2) g( 1)
 is=    45/    48  nterm=     2  ndet=    43      0.06 sec.    s( 1) p( 2) p( 1) g( 1)
 is=    46/    48  nterm=     1  ndet=    65      0.08 sec.    s( 1) p( 2) f( 1) g( 1)
 is=    47/    48  nterm=     1  ndet=    39      0.08 sec.    p( 2) s( 1) p( 1) g( 1)
 is=    48/    48  nterm=     2  ndet=   100      0.23 sec.    s( 1) p( 1) p( 1) p( 1) g( 1)

 Results for new angular symmetry calculations:

 number of overlap determinants =        87       1.7
 number of overlap factors      =      2663       3.1
 total number of coeff.s        =     38026

 Partial wave:        0.02 min
 Total time:         0.38 min
