================================================================================
                   MULTICONFIGURATION B-SPLINE HARTREE-FOCK
================================================================================

Name of case:      0

atom:              Al

term:              2P

B-spline parameters:

ns   =   87             -  number of splines
ks   =    8             -  order  of splines
h    =    0.125         -  initial point
hmax =    1.000         -  exponetial step size
rmax =   40.000         -  maximum radius

core orbitals:         1s    2s    2p

valence orbitals:      3s    3p

physical orbitals:     1s    2s    2p    3s    3p

varied orbitals:       1s    2s    2p    3s    3p

Initial estimations for orbitals:

  1s - hydrogenic orbital with screening  1.00
  2s - hydrogenic orbital with screening  3.00
  2p - hydrogenic orbital with screening  7.00
  3s - hydrogenic orbital with screening 11.00
  3p - hydrogenic orbital with screening 12.00

Ecore  =    -232.82607712

 Level     Energy      Leading CSFs

   1   -233.63019283   1  1.0000

--------------------------------------------------------------------------------
Iteration    1
--------------------------------------------------------------------------------

   nl       e(nl)          qsum           dpm           ns

   1s   -0.63519E+02    0.20000E+01    0.48340E-01      42
   2s   -0.71207E+01    0.20000E+01    0.19703E+01      54
   2p   -0.53845E+01    0.60000E+01    0.57428E+00      71
   3s   -0.73966E+00    0.20000E+01    0.22081E+01      79
   3p   -0.18505E+00    0.10000E+01    0.10828E+01      74

Ecore  =    -239.01648211

 Level     Energy      Leading CSFs

   1   -240.83697722   1  1.0000

 Etotal =    -240.83697722

Maximum orbital diff (relative):         2.21D+00  1.00D-05
Energy difference (relative):            2.99D-02  1.00D-09

--------------------------------------------------------------------------------
Iteration    2
--------------------------------------------------------------------------------

   nl       e(nl)          qsum           dpm           ns

   1s   -0.56704E+02    0.20000E+01    0.99196E-02      45
   2s   -0.43131E+01    0.20000E+01    0.10988E+00      53
   2p   -0.27617E+01    0.60000E+01    0.15657E+00      58
   3s   -0.40345E+00    0.20000E+01    0.11095E+00      65
   3p   -0.21693E+00    0.10000E+01    0.24613E+00      72

Ecore  =    -239.77023008

 Level     Energy      Leading CSFs

   1   -241.70152833   1  1.0000

 Etotal =    -241.70152833

Maximum orbital diff (relative):         2.46D-01  1.00D-05
Energy difference (relative):            3.58D-03  1.00D-09

--------------------------------------------------------------------------------
Iteration    3
--------------------------------------------------------------------------------

   nl       e(nl)          qsum           dpm           ns

   1s   -0.59186E+02    0.20000E+01    0.40389E-02      42
   2s   -0.51240E+01    0.20000E+01    0.53822E-01      54
   2p   -0.33663E+01    0.60000E+01    0.73172E-01      55
   3s   -0.38009E+00    0.20000E+01    0.57938E-01      65
   3p   -0.20749E+00    0.10000E+01    0.13039E+00      73

Ecore  =    -239.98200265

 Level     Energy      Leading CSFs

   1   -241.84945260   1  1.0000

 Etotal =    -241.84945260

Maximum orbital diff (relative):         1.30D-01  1.00D-05
Energy difference (relative):            6.12D-04  1.00D-09

--------------------------------------------------------------------------------
Iteration    4
--------------------------------------------------------------------------------

   nl       e(nl)          qsum           dpm           ns

   1s   -0.58202E+02    0.20000E+01    0.15328E-02      41
   2s   -0.48156E+01    0.20000E+01    0.20511E-01      49
   2p   -0.31427E+01    0.60000E+01    0.26941E-01      55
   3s   -0.39690E+00    0.20000E+01    0.14735E-01      65
   3p   -0.21005E+00    0.10000E+01    0.43594E-01      72

Ecore  =    -239.98809545

 Level     Energy      Leading CSFs

   1   -241.87200598   1  1.0000

 Etotal =    -241.87200598

Maximum orbital diff (relative):         4.36D-02  1.00D-05
Energy difference (relative):            9.32D-05  1.00D-09

--------------------------------------------------------------------------------
Iteration    5
--------------------------------------------------------------------------------

   nl       e(nl)          qsum           dpm           ns

   1s   -0.58614E+02    0.20000E+01    0.62525E-03      41
   2s   -0.49451E+01    0.20000E+01    0.79287E-02      50
   2p   -0.32435E+01    0.60000E+01    0.11749E-01      52
   3s   -0.39135E+00    0.20000E+01    0.14516E-01      65
   3p   -0.21019E+00    0.10000E+01    0.17464E-01      72

Ecore  =    -239.99951687

 Level     Energy      Leading CSFs

   1   -241.87594530   1  1.0000

 Etotal =    -241.87594530

Maximum orbital diff (relative):         1.75D-02  1.00D-05
Energy difference (relative):            1.63D-05  1.00D-09

--------------------------------------------------------------------------------
Iteration    6
--------------------------------------------------------------------------------

   nl       e(nl)          qsum           dpm           ns

   1s   -0.58457E+02    0.20000E+01    0.25655E-03      40
   2s   -0.48976E+01    0.20000E+01    0.34272E-02      53
   2p   -0.32094E+01    0.60000E+01    0.45133E-02      53
   3s   -0.39431E+00    0.20000E+01    0.78104E-02      65
   3p   -0.20982E+00    0.10000E+01    0.63066E-02      72

Ecore  =    -239.99737986

 Level     Energy      Leading CSFs

   1   -241.87660025   1  1.0000

 Etotal =    -241.87660025

Maximum orbital diff (relative):         7.81D-03  1.00D-05
Energy difference (relative):            2.71D-06  1.00D-09

--------------------------------------------------------------------------------
Iteration    7
--------------------------------------------------------------------------------

   nl       e(nl)          qsum           dpm           ns

   1s   -0.58517E+02    0.20000E+01    0.10092E-03      41
   2s   -0.49153E+01    0.20000E+01    0.13712E-02      52
   2p   -0.32213E+01    0.60000E+01    0.17153E-02      53
   3s   -0.39305E+00    0.20000E+01    0.32949E-02      65
   3p   -0.21000E+00    0.10000E+01    0.23645E-02      72

Ecore  =    -239.99855604

 Level     Energy      Leading CSFs

   1   -241.87668934   1  1.0000

 Etotal =    -241.87668934

Maximum orbital diff (relative):         3.29D-03  1.00D-05
Energy difference (relative):            3.68D-07  1.00D-09

--------------------------------------------------------------------------------
Iteration    8
--------------------------------------------------------------------------------

   nl       e(nl)          qsum           dpm           ns

   1s   -0.58494E+02    0.20000E+01    0.38353E-04      41
   2s   -0.49088E+01    0.20000E+01    0.52437E-03      52
   2p   -0.32170E+01    0.60000E+01    0.63908E-03      53
   3s   -0.39355E+00    0.20000E+01    0.12862E-02      65
   3p   -0.20992E+00    0.10000E+01    0.86905E-03      72

Ecore  =    -239.99816949

 Level     Energy      Leading CSFs

   1   -241.87670492   1  1.0000

 Etotal =    -241.87670492

Maximum orbital diff (relative):         1.29D-03  1.00D-05
Energy difference (relative):            6.44D-08  1.00D-09

--------------------------------------------------------------------------------
Iteration    9
--------------------------------------------------------------------------------

   nl       e(nl)          qsum           dpm           ns

   1s   -0.58503E+02    0.20000E+01    0.14368E-04      41
   2s   -0.49112E+01    0.20000E+01    0.19684E-03      52
   2p   -0.32186E+01    0.60000E+01    0.23742E-03      53
   3s   -0.39336E+00    0.20000E+01    0.48716E-03      65
   3p   -0.20995E+00    0.10000E+01    0.32144E-03      72

Ecore  =    -239.99832056

 Level     Energy      Leading CSFs

   1   -241.87670600   1  1.0000

 Etotal =    -241.87670600

Maximum orbital diff (relative):         4.87D-04  1.00D-05
Energy difference (relative):            4.47D-09  1.00D-09

--------------------------------------------------------------------------------
Iteration   10
--------------------------------------------------------------------------------

   nl       e(nl)          qsum           dpm           ns

   1s   -0.58500E+02    0.20000E+01    0.53411E-05      41
   2s   -0.49103E+01    0.20000E+01    0.73239E-04      52
   2p   -0.32180E+01    0.60000E+01    0.87875E-04      53
   3s   -0.39343E+00    0.20000E+01    0.18202E-03      65
   3p   -0.20994E+00    0.10000E+01    0.11861E-03      72

Ecore  =    -239.99826565

 Level     Energy      Leading CSFs

   1   -241.87670655   1  1.0000

 Etotal =    -241.87670655

Maximum orbital diff (relative):         1.82D-04  1.00D-05
Energy difference (relative):            2.27D-09  1.00D-09

--------------------------------------------------------------------------------
Iteration   11
--------------------------------------------------------------------------------

   nl       e(nl)          qsum           dpm           ns

   2s   -0.49106E+01    0.20000E+01    0.26665E-04      52
   2p   -0.32182E+01    0.60000E+01    0.32612E-04      53
   3s   -0.39340E+00    0.20000E+01    0.67793E-04      65
   3p   -0.20995E+00    0.10000E+01    0.43852E-04      72

Ecore  =    -239.99828611

 Level     Energy      Leading CSFs

   1   -241.87670647   1  1.0000

 Etotal =    -241.87670647

Maximum orbital diff (relative):         6.78D-05  1.00D-05
Energy difference (relative):            3.02D-10  1.00D-09

--------------------------------------------------------------------------------
Iteration   12
--------------------------------------------------------------------------------

   nl       e(nl)          qsum           dpm           ns

   2s   -0.49105E+01    0.20000E+01    0.99262E-05      52
   2p   -0.32182E+01    0.60000E+01    0.12097E-04      53
   3s   -0.39341E+00    0.20000E+01    0.25191E-04      65
   3p   -0.20995E+00    0.10000E+01    0.16262E-04      72

Ecore  =    -239.99827854

 Level     Energy      Leading CSFs

   1   -241.87670652   1  1.0000

 Etotal =    -241.87670652

Maximum orbital diff (relative):         2.52D-05  1.00D-05
Energy difference (relative):            1.86D-10  1.00D-09

--------------------------------------------------------------------------------
Iteration   13
--------------------------------------------------------------------------------

   nl       e(nl)          qsum           dpm           ns

   2p   -0.32182E+01    0.60000E+01    0.49374E-05      53
   3s   -0.39341E+00    0.20000E+01    0.59275E-05      65
   3p   -0.20995E+00    0.10000E+01    0.62811E-05      72

Ecore  =    -239.99828132

 Level     Energy      Leading CSFs

   1   -241.87670650   1  1.0000

 Etotal =    -241.87670650

Maximum orbital diff (relative):         9.93D-06  1.00D-05
Energy difference (relative):            6.52D-11  1.00D-09

--------------------------------------------------------------------------------

ATOM:  Al     TERM:  2P

Convergence (latest difference):
Orbital diff. =                          9.93D-06
SCF diff. =                              6.52D-11

  nl       E(nl)        1/R       R       R**2       dmp       ns     max_R

   1s   -58.49985754   12.589    0.120    0.019    5.34E-06    41      3.75
   2s    -4.91049584    2.349    0.620    0.459    9.93E-06    52     12.55
   2p    -3.21818656    2.205    0.600    0.455    4.94E-06    53     13.55
   3s    -0.39340680    0.507    2.599    7.891    5.93E-06    65     25.55
   3p    -0.20994594    0.379    3.434   14.007    6.28E-06    72     32.55

Total energy          -241.876706501262
Kinetic                241.878806981007
Potential             -483.755513482268
Ratio                   -1.999991315983

Optimized states:

 Level     Energy      Leading CSFs

   1   -241.87670650   1  1.0000

time:     10.30 sec

--------------------------------------------------------------------------------

