================================================================================
                   MULTICONFIGURATION B-SPLINE HARTREE-FOCK
================================================================================

Name of case:      1

B-spline parameters:

ns   =   87             -  number of splines
ks   =    8             -  order  of splines
h    =    0.125         -  initial point
hmax =    1.000         -  exponetial step size
rmax =   40.000         -  maximum radius

atom:              Al

term:              2P
QSUM:     0.20000E+01    0.20000E+01    0.60000E+01    0.19990E+01    0.10002E+01    0.79952E-03

core orbitals:         1s    2s    2p

valence orbitals:      3s    3p    3d

physical orbitals:     1s    2s    2p    3s    3p

varied orbitals:       3s    3p    3d

Initial estimations for orbitals:

  1s - read from file Al.bsw                                                                                              
  2s - read from file Al.bsw                                                                                              
  2p - read from file Al.bsw                                                                                              
  3s - read from file Al.bsw                                                                                              
  3p - read from file Al.bsw                                                                                              
  3d - hydrogenic orbital with screening 12.00

Ecore  =    -239.99828059

 Level     Energy      Leading CSFs

   1   -241.89502501   1  0.9804   4  0.1878   2  0.0474   3 -0.0351   6 -0.0023

--------------------------------------------------------------------------------
Iteration    1
--------------------------------------------------------------------------------

   nl       e(nl)          qsum           dpm           ns

   3s   -0.41133E+00    0.19260E+01    0.36240E-02      66
   3p   -0.24529E+00    0.10705E+01    0.56408E-01      80
   3d   -0.45079E+00    0.35008E-02    0.16538E+01      69

Ecore  =    -239.99828059

 Level     Energy      Leading CSFs

   1   -241.91967151   1  0.9616   4  0.1852   2  0.1546   3 -0.1137   5 -0.0542

 Etotal =    -241.91967151

Maximum orbital diff (relative):         1.65D+00  1.00D-05
Energy difference (relative):            1.02D-04  1.00D-09

--------------------------------------------------------------------------------
Iteration    2
--------------------------------------------------------------------------------

   nl       e(nl)          qsum           dpm           ns

   3s   -0.41894E+00    0.18861E+01    0.28291E-02      66
   3p   -0.27689E+00    0.10686E+01    0.35655E-01      68
   3d   -0.51851E+00    0.45333E-01    0.57479E-01      65

Ecore  =    -239.99828059

 Level     Energy      Leading CSFs

   1   -241.92039055   1  0.9606   4  0.1899   2  0.1539   3 -0.1145   5 -0.0545

 Etotal =    -241.92039055

Maximum orbital diff (relative):         5.75D-02  1.00D-05
Energy difference (relative):            2.97D-06  1.00D-09

--------------------------------------------------------------------------------
Iteration    3
--------------------------------------------------------------------------------

   nl       e(nl)          qsum           dpm           ns

   3s   -0.41599E+00    0.18825E+01    0.19942E-02      65
   3p   -0.27694E+00    0.10721E+01    0.21920E-02      68
   3d   -0.51069E+00    0.45440E-01    0.20655E-02      65

Ecore  =    -239.99828059

 Level     Energy      Leading CSFs

   1   -241.92041039   1  0.9605   4  0.1902   2  0.1542   3 -0.1148   5 -0.0544

 Etotal =    -241.92041039

Maximum orbital diff (relative):         2.19D-03  1.00D-05
Energy difference (relative):            8.20D-08  1.00D-09

--------------------------------------------------------------------------------
Iteration    4
--------------------------------------------------------------------------------

   nl       e(nl)          qsum           dpm           ns

   3s   -0.41596E+00    0.18820E+01    0.18981E-02      64
   3p   -0.27718E+00    0.10724E+01    0.28499E-03      68
   3d   -0.50997E+00    0.45611E-01    0.62297E-03      65

Ecore  =    -239.99828059

 Level     Energy      Leading CSFs

   1   -241.92041570   1  0.9604   4  0.1903   2  0.1543   3 -0.1149   5 -0.0545

 Etotal =    -241.92041570

Maximum orbital diff (relative):         1.90D-03  1.00D-05
Energy difference (relative):            2.20D-08  1.00D-09

--------------------------------------------------------------------------------
Iteration    5
--------------------------------------------------------------------------------

   nl       e(nl)          qsum           dpm           ns

   3s   -0.41608E+00    0.18819E+01    0.20958E-03      64
   3p   -0.27715E+00    0.10725E+01    0.24201E-04      68
   3d   -0.50966E+00    0.45653E-01    0.49427E-04      65

Ecore  =    -239.99828059

 Level     Energy      Leading CSFs

   1   -241.92041574   1  0.9604   4  0.1903   2  0.1543   3 -0.1149   5 -0.0545

 Etotal =    -241.92041574

Maximum orbital diff (relative):         2.10D-04  1.00D-05
Energy difference (relative):            1.66D-10  1.00D-09

--------------------------------------------------------------------------------
Iteration    6
--------------------------------------------------------------------------------

   nl       e(nl)          qsum           dpm           ns

   3s   -0.41606E+00    0.18819E+01    0.33161E-04      64
   3p   -0.27716E+00    0.10725E+01    0.28053E-05      68
   3d   -0.50967E+00    0.45654E-01    0.85261E-05      65

Ecore  =    -239.99828059

 Level     Energy      Leading CSFs

   1   -241.92041574   1  0.9604   4  0.1903   2  0.1543   3 -0.1149   5 -0.0545

 Etotal =    -241.92041574

Maximum orbital diff (relative):         3.32D-05  1.00D-05
Energy difference (relative):            4.60D-12  1.00D-09

--------------------------------------------------------------------------------
Iteration    7
--------------------------------------------------------------------------------

   nl       e(nl)          qsum           dpm           ns

   3s   -0.41606E+00    0.18819E+01    0.54636E-05      64
   3p   -0.27716E+00    0.10725E+01    0.80649E-06      68
   3d   -0.50967E+00    0.45654E-01    0.11541E-05      65

Ecore  =    -239.99828059

 Level     Energy      Leading CSFs

   1   -241.92041574   1  0.9604   4  0.1903   2  0.1543   3 -0.1149   5 -0.0545

 Etotal =    -241.92041574

Maximum orbital diff (relative):         5.46D-06  1.00D-05
Energy difference (relative):            1.15D-13  1.00D-09

--------------------------------------------------------------------------------

ATOM:  Al     TERM:  2P

Convergence (latest difference):
Orbital diff. =                          5.46D-06
SCF diff. =                              1.15D-13

  nl       E(nl)        1/R       R       R**2       dmp       ns     max_R

   1s     0.00000000   12.589    0.120    0.019    0.00E+00    52     12.55
   2s     0.00000000    2.349    0.620    0.459    0.00E+00    59     19.55
   2p     0.00000000    2.205    0.600    0.455    0.00E+00    58     18.55
   3s    -0.41606057    0.502    2.612    7.950    5.46E-06    64     24.55
   3p    -0.27715896    0.413    3.126   11.430    8.06E-07    68     28.55
   3d    -0.50966995    0.382    3.022   10.366    1.15E-06    65     25.55

Total energy          -241.920415738981
Kinetic                241.919017246191
Potential             -483.839432985172
Ratio                   -2.000005780830

Optimized states:

 Level     Energy      Leading CSFs

   1   -241.92041574   1  0.9604   4  0.1903   2  0.1543   3 -0.1149   5 -0.0545

time:      9.06 sec

--------------------------------------------------------------------------------

