
                    =======================
                       B S R _ B R E I T   
                    =======================


 Operators included: 

 OVERLAPS
 KINATIC ENERGY
 TWO-ELECTRON ELECTROSTATIC

 Max.multipole index =  7

--------------------------------------------------------------------------------

 Partial wave:     0

 It is new calculations 


 input c-fail contains: 

 number of atomic states   =     7
 number of conf.symmetries =     4
 number of ang. symmetries =     7

 Determinant expansions: 

 ic_case, nterm, ndet           1           1           1
 ic_case, nterm, ndet           2           2           9
 ic_case, nterm, ndet           3           1           2
 ic_case, nterm, ndet           4           3          17

 Calculations for given symmetry: 

 is=     1/     4  nterm=     1  ndet=     1      0.00 sec    s( 2) p( 1)
 is=     2/     4  nterm=     2  ndet=     9      0.00 sec    s( 1) p( 1) d( 1)
 is=     3/     4  nterm=     1  ndet=     2      0.00 sec    p( 3)
 is=     4/     4  nterm=     3  ndet=    17      0.00 sec    p( 1) d( 2)

 Results for new calculations:

 number of overlap determinants =         5       1.0
 number of overlap factors      =        14       1.5
 total number of coefficient    =        98

 Partial wave:        0.00 min
 Total time:          0.00 min
