================================================================================
                   MULTICONFIGURATION B-SPLINE HARTREE-FOCK
================================================================================

Name of case:      Be

B-spline parameters:

ns   =   77             -  number of splines
ks   =    8             -  order  of splines
h    =    0.125         -  initial point
hmax =    1.000         -  exponetial step size
rmax =   40.000         -  maximum radius

atom:              Be

term:              1S

valence orbitals:      1s    2s

physical orbitals:     1s    2s

varied orbitals:       1s    2s

Initial estimations for orbitals:

  1s - hydrogenic orbital with screening  1.00
  2s - hydrogenic orbital with screening  3.00

 Level     Energy      Leading CSFs

   1    -13.56231007   1  1.0000

--------------------------------------------------------------------------------
Iteration    1
--------------------------------------------------------------------------------

   nl       e(nl)          qsum           dpm           ns

   1s   -0.55089E+01    0.20000E+01    0.20103E+00      63
   2s   -0.48442E+00    0.20000E+01    0.16751E+01      61

 Level     Energy      Leading CSFs

   1    -14.54383110   1  1.0000

 Etotal =     -14.54383110

Maximum orbital diff (relative):         1.68D+00  1.00D-05
Energy difference (relative):            6.75D-02  1.00D-09

--------------------------------------------------------------------------------
Iteration    2
--------------------------------------------------------------------------------

   nl       e(nl)          qsum           dpm           ns

   1s   -0.45977E+01    0.20000E+01    0.16364E-01      49
   2s   -0.28865E+00    0.20000E+01    0.15258E+00      57

 Level     Energy      Leading CSFs

   1    -14.57133750   1  1.0000

 Etotal =     -14.57133750

Maximum orbital diff (relative):         1.53D-01  1.00D-05
Energy difference (relative):            1.89D-03  1.00D-09

--------------------------------------------------------------------------------
Iteration    3
--------------------------------------------------------------------------------

   nl       e(nl)          qsum           dpm           ns

   1s   -0.47654E+01    0.20000E+01    0.16491E-02      50
   2s   -0.31710E+00    0.20000E+01    0.49285E-01      56

 Level     Energy      Leading CSFs

   1    -14.57290033   1  1.0000

 Etotal =     -14.57290033

Maximum orbital diff (relative):         4.93D-02  1.00D-05
Energy difference (relative):            1.07D-04  1.00D-09

--------------------------------------------------------------------------------
Iteration    4
--------------------------------------------------------------------------------

   nl       e(nl)          qsum           dpm           ns

   1s   -0.47227E+01    0.20000E+01    0.24393E-03      49
   2s   -0.30859E+00    0.20000E+01    0.12892E-01      57

 Level     Energy      Leading CSFs

   1    -14.57301401   1  1.0000

 Etotal =     -14.57301401

Maximum orbital diff (relative):         1.29D-02  1.00D-05
Energy difference (relative):            7.80D-06  1.00D-09

--------------------------------------------------------------------------------
Iteration    5
--------------------------------------------------------------------------------

   nl       e(nl)          qsum           dpm           ns

   1s   -0.47340E+01    0.20000E+01    0.69408E-04      50
   2s   -0.31086E+00    0.20000E+01    0.35664E-02      56

 Level     Energy      Leading CSFs

   1    -14.57302248   1  1.0000

 Etotal =     -14.57302248

Maximum orbital diff (relative):         3.57D-03  1.00D-05
Energy difference (relative):            5.81D-07  1.00D-09

--------------------------------------------------------------------------------
Iteration    6
--------------------------------------------------------------------------------

   nl       e(nl)          qsum           dpm           ns

   1s   -0.47309E+01    0.20000E+01    0.19233E-04      50
   2s   -0.31024E+00    0.20000E+01    0.97205E-03      56

 Level     Energy      Leading CSFs

   1    -14.57302312   1  1.0000

 Etotal =     -14.57302312

Maximum orbital diff (relative):         9.72D-04  1.00D-05
Energy difference (relative):            4.35D-08  1.00D-09

--------------------------------------------------------------------------------
Iteration    7
--------------------------------------------------------------------------------

   nl       e(nl)          qsum           dpm           ns

   1s   -0.47317E+01    0.20000E+01    0.52882E-05      50
   2s   -0.31041E+00    0.20000E+01    0.26602E-03      56

 Level     Energy      Leading CSFs

   1    -14.57302316   1  1.0000

 Etotal =     -14.57302316

Maximum orbital diff (relative):         2.66D-04  1.00D-05
Energy difference (relative):            3.25D-09  1.00D-09

--------------------------------------------------------------------------------
Iteration    8
--------------------------------------------------------------------------------

   nl       e(nl)          qsum           dpm           ns

   1s   -0.47315E+01    0.20000E+01    0.14491E-05      50
   2s   -0.31036E+00    0.20000E+01    0.72720E-04      56

 Level     Energy      Leading CSFs

   1    -14.57302317   1  1.0000

 Etotal =     -14.57302317

Maximum orbital diff (relative):         7.27D-05  1.00D-05
Energy difference (relative):            2.43D-10  1.00D-09

--------------------------------------------------------------------------------
Iteration    9
--------------------------------------------------------------------------------

   nl       e(nl)          qsum           dpm           ns

   1s   -0.47316E+01    0.20000E+01    0.54408E-06      50
   2s   -0.31037E+00    0.20000E+01    0.19885E-04      56

 Level     Energy      Leading CSFs

   1    -14.57302317   1  1.0000

 Etotal =     -14.57302317

Maximum orbital diff (relative):         1.99D-05  1.00D-05
Energy difference (relative):            1.82D-11  1.00D-09

--------------------------------------------------------------------------------
Iteration   10
--------------------------------------------------------------------------------

   nl       e(nl)          qsum           dpm           ns

   1s   -0.47316E+01    0.20000E+01    0.54393E-06      50
   2s   -0.31037E+00    0.20000E+01    0.54370E-05      56

 Level     Energy      Leading CSFs

   1    -14.57302317   1  1.0000

 Etotal =     -14.57302317

Maximum orbital diff (relative):         5.44D-06  1.00D-05
Energy difference (relative):            1.36D-12  1.00D-09

--------------------------------------------------------------------------------

ATOM:  Be     TERM:  1S

Convergence (latest difference):
Orbital diff. =                          5.44D-06
SCF diff. =                              1.36D-12

  nl       E(nl)        1/R       R       R**2       dmp       ns     max_R

   1s    -4.73156715    3.695    0.412    0.230    5.44E-07    50     20.56
   2s    -0.31036795    0.510    2.652    8.430    5.44E-06    56     26.56

Total energy           -14.573023168294
Kinetic                 14.573020522100
Potential              -29.146043690393
Ratio                   -2.000000181582

Optimized states:

 Level     Energy      Leading CSFs

   1    -14.57302317   1  1.0000

time:      0.30 sec

--------------------------------------------------------------------------------

