================================================================================
                   MULTICONFIGURATION B-SPLINE HARTREE-FOCK
================================================================================

Name of case:      Be_core_n2

B-spline parameters:

ns   =   77             -  number of splines
ks   =    8             -  order  of splines
h    =    0.125         -  initial point
hmax =    1.000         -  exponetial step size
rmax =   40.000         -  maximum radius

atom:              Be

term:              1S
QSUM:     0.20000E+01    0.19998E+01    0.19998E-03

core orbitals:         1s

valence orbitals:      2s    2p

physical orbitals:     1s    2s

varied orbitals:       2s    2p

Initial estimations for orbitals:

  1s - read from file Be_core.bsw                                                                                         
  2s - read from file Be_core.bsw                                                                                         
  2p - hydrogenic orbital with screening  3.00

Ecore  =     -13.61125698

 Level     Energy      Leading CSFs

   1    -14.58155563   1  0.9903   2  0.1387

--------------------------------------------------------------------------------
Iteration    1
--------------------------------------------------------------------------------

   nl       e(nl)          qsum           dpm           ns

   2s   -0.31784E+00    0.19615E+01    0.85288E-02      59
   2p   -0.12156E+01    0.38474E-01    0.97626E+00      53

Ecore  =     -13.61125698

 Level     Energy      Leading CSFs

   1    -14.61237963   1  0.9610   2  0.2766

 Etotal =     -14.61237963

Maximum orbital diff (relative):         9.76D-01  1.00D-05
Energy difference (relative):            2.11D-03  1.00D-09

--------------------------------------------------------------------------------
Iteration    2
--------------------------------------------------------------------------------

   nl       e(nl)          qsum           dpm           ns

   2s   -0.35145E+00    0.18470E+01    0.48911E-01      55
   2p   -0.53022E+00    0.15301E+00    0.11521E+00      52

Ecore  =     -13.61125698

 Level     Energy      Leading CSFs

   1    -14.61641651   1  0.9495   2  0.3138

 Etotal =     -14.61641651

Maximum orbital diff (relative):         1.15D-01  1.00D-05
Energy difference (relative):            2.76D-04  1.00D-09

--------------------------------------------------------------------------------
Iteration    3
--------------------------------------------------------------------------------

   nl       e(nl)          qsum           dpm           ns

   2s   -0.34673E+00    0.18031E+01    0.18634E-01      55
   2p   -0.48786E+00    0.19693E+00    0.10616E-01      53

Ecore  =     -13.61125698

 Level     Energy      Leading CSFs

   1    -14.61669716   1  0.9499   2  0.3124

 Etotal =     -14.61669716

Maximum orbital diff (relative):         1.86D-02  1.00D-05
Energy difference (relative):            1.92D-05  1.00D-09

--------------------------------------------------------------------------------
Iteration    4
--------------------------------------------------------------------------------

   nl       e(nl)          qsum           dpm           ns

   2s   -0.34950E+00    0.18048E+01    0.40453E-02      55
   2p   -0.49186E+00    0.19522E+00    0.37350E-02      53

Ecore  =     -13.61125698

 Level     Energy      Leading CSFs

   1    -14.61670943   1  0.9499   2  0.3125

 Etotal =     -14.61670943

Maximum orbital diff (relative):         4.05D-03  1.00D-05
Energy difference (relative):            8.39D-07  1.00D-09

--------------------------------------------------------------------------------
Iteration    5
--------------------------------------------------------------------------------

   nl       e(nl)          qsum           dpm           ns

   2s   -0.34893E+00    0.18047E+01    0.55502E-03      55
   2p   -0.49085E+00    0.19531E+00    0.12212E-02      53

Ecore  =     -13.61125698

 Level     Energy      Leading CSFs

   1    -14.61670981   1  0.9499   2  0.3126

 Etotal =     -14.61670981

Maximum orbital diff (relative):         1.22D-03  1.00D-05
Energy difference (relative):            2.55D-08  1.00D-09

--------------------------------------------------------------------------------
Iteration    6
--------------------------------------------------------------------------------

   nl       e(nl)          qsum           dpm           ns

   2s   -0.34901E+00    0.18046E+01    0.84894E-05      55
   2p   -0.49103E+00    0.19538E+00    0.30656E-03      53

Ecore  =     -13.61125698

 Level     Energy      Leading CSFs

   1    -14.61670982   1  0.9499   2  0.3125

 Etotal =     -14.61670982

Maximum orbital diff (relative):         3.07D-04  1.00D-05
Energy difference (relative):            6.85D-10  1.00D-09

--------------------------------------------------------------------------------
Iteration    7
--------------------------------------------------------------------------------

   nl       e(nl)          qsum           dpm           ns

   2s   -0.34901E+00    0.18047E+01    0.27899E-04      55
   2p   -0.49101E+00    0.19535E+00    0.55365E-04      53

Ecore  =     -13.61125698

 Level     Energy      Leading CSFs

   1    -14.61670982   1  0.9499   2  0.3125

 Etotal =     -14.61670982

Maximum orbital diff (relative):         5.54D-05  1.00D-05
Energy difference (relative):            5.73D-11  1.00D-09

--------------------------------------------------------------------------------
Iteration    8
--------------------------------------------------------------------------------

   nl       e(nl)          qsum           dpm           ns

   2s   -0.34901E+00    0.18046E+01    0.10760E-04      55
   2p   -0.49101E+00    0.19536E+00    0.58472E-05      53

Ecore  =     -13.61125698

 Level     Energy      Leading CSFs

   1    -14.61670982   1  0.9499   2  0.3125

 Etotal =     -14.61670982

Maximum orbital diff (relative):         1.08D-05  1.00D-05
Energy difference (relative):            5.69D-12  1.00D-09

--------------------------------------------------------------------------------
Iteration    9
--------------------------------------------------------------------------------

   nl       e(nl)          qsum           dpm           ns

   2s   -0.34901E+00    0.18046E+01    0.26597E-05      55
   2p   -0.49101E+00    0.19535E+00    0.17188E-05      53

Ecore  =     -13.61125698

 Level     Energy      Leading CSFs

   1    -14.61670982   1  0.9499   2  0.3125

 Etotal =     -14.61670982

Maximum orbital diff (relative):         2.66D-06  1.00D-05
Energy difference (relative):            3.50D-13  1.00D-09

--------------------------------------------------------------------------------

ATOM:  Be     TERM:  1S

Convergence (latest difference):
Orbital diff. =                          2.66D-06
SCF diff. =                              3.50D-13

  nl       E(nl)        1/R       R       R**2       dmp       ns     max_R

   1s     0.00000000    3.682    0.415    0.233    0.00E+00    37      7.61
   2s    -0.34900875    0.534    2.580    7.934    2.66E-06    55     25.56
   2p    -0.49101212    0.494    2.502    7.427    1.72E-06    53     23.56

Total energy           -14.616709815983
Kinetic                 14.612233620426
Potential              -29.228943436409
Ratio                   -2.000306332055

Optimized states:

 Level     Energy      Leading CSFs

   1    -14.61670982   1  0.9499   2  0.3125

time:      3.91 sec

--------------------------------------------------------------------------------

