================================================================================
                   MULTICONFIGURATION B-SPLINE HARTREE-FOCK
================================================================================

Name of case:      Be_core

B-spline parameters:

ns   =   77             -  number of splines
ks   =    8             -  order  of splines
h    =    0.125         -  initial point
hmax =    1.000         -  exponetial step size
rmax =   40.000         -  maximum radius

atom:              Be

term:              1S

core orbitals:         1s

valence orbitals:      2s

physical orbitals:     1s    2s

varied orbitals:       1s    2s

Initial estimations for orbitals:

  1s - hydrogenic orbital with screening  1.00
  2s - hydrogenic orbital with screening  3.00

Ecore  =     -13.12500000

 Level     Energy      Leading CSFs

   1    -13.56231007   1  1.0000

--------------------------------------------------------------------------------
Iteration    1
--------------------------------------------------------------------------------

   nl       e(nl)          qsum           dpm           ns

   1s   -0.55107E+01    0.20000E+01    0.20219E+00      52
   2s   -0.48353E+00    0.20000E+01    0.16757E+01      51

Ecore  =     -13.60507220

 Level     Energy      Leading CSFs

   1    -14.54400706   1  1.0000

 Etotal =     -14.54400706

Maximum orbital diff (relative):         1.68D+00  1.00D-05
Energy difference (relative):            6.75D-02  1.00D-09

--------------------------------------------------------------------------------
Iteration    2
--------------------------------------------------------------------------------

   nl       e(nl)          qsum           dpm           ns

   1s   -0.45935E+01    0.20000E+01    0.21303E-01      42
   2s   -0.28751E+00    0.20000E+01    0.15499E+00      58

Ecore  =     -13.61083127

 Level     Energy      Leading CSFs

   1    -14.57125939   1  1.0000

 Etotal =     -14.57125939

Maximum orbital diff (relative):         1.55D-01  1.00D-05
Energy difference (relative):            1.87D-03  1.00D-09

--------------------------------------------------------------------------------
Iteration    3
--------------------------------------------------------------------------------

   nl       e(nl)          qsum           dpm           ns

   1s   -0.47691E+01    0.20000E+01    0.35731E-02      42
   2s   -0.31604E+00    0.20000E+01    0.50102E-01      56

Ecore  =     -13.61128616

 Level     Energy      Leading CSFs

   1    -14.57289754   1  1.0000

 Etotal =     -14.57289754

Maximum orbital diff (relative):         5.01D-02  1.00D-05
Energy difference (relative):            1.12D-04  1.00D-09

--------------------------------------------------------------------------------
Iteration    4
--------------------------------------------------------------------------------

   nl       e(nl)          qsum           dpm           ns

   1s   -0.47232E+01    0.20000E+01    0.67479E-03      40
   2s   -0.30748E+00    0.20000E+01    0.13100E-01      57

Ecore  =     -13.61124810

 Level     Energy      Leading CSFs

   1    -14.57301386   1  1.0000

 Etotal =     -14.57301386

Maximum orbital diff (relative):         1.31D-02  1.00D-05
Energy difference (relative):            7.98D-06  1.00D-09

--------------------------------------------------------------------------------
Iteration    5
--------------------------------------------------------------------------------

   nl       e(nl)          qsum           dpm           ns

   1s   -0.47353E+01    0.20000E+01    0.14928E-03      36
   2s   -0.30977E+00    0.20000E+01    0.36362E-02      56

Ecore  =     -13.61125897

 Level     Energy      Leading CSFs

   1    -14.57302247   1  1.0000

 Etotal =     -14.57302247

Maximum orbital diff (relative):         3.64D-03  1.00D-05
Energy difference (relative):            5.91D-07  1.00D-09

--------------------------------------------------------------------------------
Iteration    6
--------------------------------------------------------------------------------

   nl       e(nl)          qsum           dpm           ns

   1s   -0.47320E+01    0.20000E+01    0.35923E-04      37
   2s   -0.30913E+00    0.20000E+01    0.99646E-03      56

Ecore  =     -13.61125648

 Level     Energy      Leading CSFs

   1    -14.57302312   1  1.0000

 Etotal =     -14.57302312

Maximum orbital diff (relative):         9.96D-04  1.00D-05
Energy difference (relative):            4.44D-08  1.00D-09

--------------------------------------------------------------------------------
Iteration    7
--------------------------------------------------------------------------------

   nl       e(nl)          qsum           dpm           ns

   1s   -0.47329E+01    0.20000E+01    0.91275E-05      37
   2s   -0.30931E+00    0.20000E+01    0.27462E-03      56

Ecore  =     -13.61125712

 Level     Energy      Leading CSFs

   1    -14.57302316   1  1.0000

 Etotal =     -14.57302316

Maximum orbital diff (relative):         2.75D-04  1.00D-05
Energy difference (relative):            3.36D-09  1.00D-09

--------------------------------------------------------------------------------
Iteration    8
--------------------------------------------------------------------------------

   nl       e(nl)          qsum           dpm           ns

   1s   -0.47326E+01    0.20000E+01    0.23980E-05      37
   2s   -0.30926E+00    0.20000E+01    0.75661E-04      56

Ecore  =     -13.61125695

 Level     Energy      Leading CSFs

   1    -14.57302317   1  1.0000

 Etotal =     -14.57302317

Maximum orbital diff (relative):         7.57D-05  1.00D-05
Energy difference (relative):            2.54D-10  1.00D-09

--------------------------------------------------------------------------------
Iteration    9
--------------------------------------------------------------------------------

   nl       e(nl)          qsum           dpm           ns

   1s   -0.47327E+01    0.20000E+01    0.64349E-06      37
   2s   -0.30927E+00    0.20000E+01    0.20862E-04      56

Ecore  =     -13.61125699

 Level     Energy      Leading CSFs

   1    -14.57302317   1  1.0000

 Etotal =     -14.57302317

Maximum orbital diff (relative):         2.09D-05  1.00D-05
Energy difference (relative):            1.94D-11  1.00D-09

--------------------------------------------------------------------------------
Iteration   10
--------------------------------------------------------------------------------

   nl       e(nl)          qsum           dpm           ns

   1s   -0.47327E+01    0.20000E+01    0.17477E-06      37
   2s   -0.30927E+00    0.20000E+01    0.57533E-05      56

Ecore  =     -13.61125698

 Level     Energy      Leading CSFs

   1    -14.57302317   1  1.0000

 Etotal =     -14.57302317

Maximum orbital diff (relative):         5.75D-06  1.00D-05
Energy difference (relative):            1.45D-12  1.00D-09

--------------------------------------------------------------------------------

ATOM:  Be     TERM:  1S

Convergence (latest difference):
Orbital diff. =                          5.75D-06
SCF diff. =                              1.45D-12

  nl       E(nl)        1/R       R       R**2       dmp       ns     max_R

   1s    -4.73266587    3.682    0.415    0.233    1.75E-07    37      7.61
   2s    -0.30926876    0.523    2.649    8.426    5.75E-06    56     26.56

Total energy           -14.573023168309
Kinetic                 14.573018967118
Potential              -29.146042135427
Ratio                   -2.000000288286

Optimized states:

 Level     Energy      Leading CSFs

   1    -14.57302317   1  1.0000

time:      0.33 sec

--------------------------------------------------------------------------------

