================================================================================
                   MULTICONFIGURATION B-SPLINE HARTREE-FOCK
================================================================================

Name of case:      Be_n2

B-spline parameters:

ns   =   77             -  number of splines
ks   =    8             -  order  of splines
h    =    0.125         -  initial point
hmax =    1.000         -  exponetial step size
rmax =   40.000         -  maximum radius

atom:              Be

term:              1S
QSUM:     0.20000E+01    0.19998E+01    0.19998E-03

valence orbitals:      1s    2s    2p

physical orbitals:     1s    2s

varied orbitals:       1s    2s    2p

Initial estimations for orbitals:

  1s - read from file Be.bsw                                                                                              
  2s - read from file Be.bsw                                                                                              
  2p - hydrogenic orbital with screening  3.00

 Level     Energy      Leading CSFs

   1    -14.58154502   1  0.9904   2  0.1383

--------------------------------------------------------------------------------
Iteration    1
--------------------------------------------------------------------------------

   nl       e(nl)          qsum           dpm           ns

   1s   -0.47398E+01    0.20000E+01    0.19796E-04      50
   2s   -0.31893E+00    0.19618E+01    0.84601E-02      59
   2p   -0.12237E+01    0.38250E-01    0.97883E+00      53

 Level     Energy      Leading CSFs

   1    -14.61249074   1  0.9612   2  0.2759

 Etotal =     -14.61249074

Maximum orbital diff (relative):         9.79D-01  1.00D-05
Energy difference (relative):            2.12D-03  1.00D-09

--------------------------------------------------------------------------------
Iteration    2
--------------------------------------------------------------------------------

   nl       e(nl)          qsum           dpm           ns

   1s   -0.47291E+01    0.20000E+01    0.19380E-03      51
   2s   -0.35265E+00    0.18478E+01    0.48803E-01      55
   2p   -0.53293E+00    0.15224E+00    0.11549E+00      52

 Level     Energy      Leading CSFs

   1    -14.61653788   1  0.9497   2  0.3130

 Etotal =     -14.61653788

Maximum orbital diff (relative):         1.15D-01  1.00D-05
Energy difference (relative):            2.77D-04  1.00D-09

--------------------------------------------------------------------------------
Iteration    3
--------------------------------------------------------------------------------

   nl       e(nl)          qsum           dpm           ns

   1s   -0.46997E+01    0.20000E+01    0.31581E-03      49
   2s   -0.34796E+00    0.18040E+01    0.18503E-01      55
   2p   -0.49025E+00    0.19595E+00    0.10529E-01      53

 Level     Energy      Leading CSFs

   1    -14.61682186   1  0.9502   2  0.3116

 Etotal =     -14.61682186

Maximum orbital diff (relative):         1.85D-02  1.00D-05
Energy difference (relative):            1.94D-05  1.00D-09

--------------------------------------------------------------------------------
Iteration    4
--------------------------------------------------------------------------------

   nl       e(nl)          qsum           dpm           ns

   1s   -0.47137E+01    0.20000E+01    0.10511E-03      49
   2s   -0.35068E+00    0.18058E+01    0.39419E-02      55
   2p   -0.49430E+00    0.19420E+00    0.36897E-02      53

 Level     Energy      Leading CSFs

   1    -14.61683428   1  0.9502   2  0.3117

 Etotal =     -14.61683428

Maximum orbital diff (relative):         3.94D-03  1.00D-05
Energy difference (relative):            8.50D-07  1.00D-09

--------------------------------------------------------------------------------
Iteration    5
--------------------------------------------------------------------------------

   nl       e(nl)          qsum           dpm           ns

   1s   -0.47106E+01    0.20000E+01    0.18261E-04      49
   2s   -0.35014E+00    0.18057E+01    0.52060E-03      55
   2p   -0.49330E+00    0.19429E+00    0.11901E-02      53

 Level     Energy      Leading CSFs

   1    -14.61683464   1  0.9502   2  0.3117

 Etotal =     -14.61683464

Maximum orbital diff (relative):         1.19D-03  1.00D-05
Energy difference (relative):            2.47D-08  1.00D-09

--------------------------------------------------------------------------------
Iteration    6
--------------------------------------------------------------------------------

   nl       e(nl)          qsum           dpm           ns

   1s   -0.47111E+01    0.20000E+01    0.23189E-05      49
   2s   -0.35021E+00    0.18056E+01    0.87566E-05      55
   2p   -0.49347E+00    0.19436E+00    0.29335E-03      53

 Level     Energy      Leading CSFs

   1    -14.61683465   1  0.9502   2  0.3117

 Etotal =     -14.61683465

Maximum orbital diff (relative):         2.93D-04  1.00D-05
Energy difference (relative):            6.50D-10  1.00D-09

--------------------------------------------------------------------------------
Iteration    7
--------------------------------------------------------------------------------

   nl       e(nl)          qsum           dpm           ns

   1s   -0.47110E+01    0.20000E+01    0.55824E-06      49
   2s   -0.35021E+00    0.18057E+01    0.27872E-04      55
   2p   -0.49346E+00    0.19433E+00    0.51359E-04      53

 Level     Energy      Leading CSFs

   1    -14.61683465   1  0.9502   2  0.3117

 Etotal =     -14.61683465

Maximum orbital diff (relative):         5.14D-05  1.00D-05
Energy difference (relative):            5.47D-11  1.00D-09

--------------------------------------------------------------------------------
Iteration    8
--------------------------------------------------------------------------------

   nl       e(nl)          qsum           dpm           ns

   1s   -0.47110E+01    0.20000E+01    0.55816E-06      49
   2s   -0.35021E+00    0.18057E+01    0.10257E-04      55
   2p   -0.49345E+00    0.19434E+00    0.50665E-05      53

 Level     Energy      Leading CSFs

   1    -14.61683465   1  0.9502   2  0.3117

 Etotal =     -14.61683465

Maximum orbital diff (relative):         1.03D-05  1.00D-05
Energy difference (relative):            5.31D-12  1.00D-09

--------------------------------------------------------------------------------
Iteration    9
--------------------------------------------------------------------------------

   nl       e(nl)          qsum           dpm           ns

   1s   -0.47110E+01    0.20000E+01    0.55821E-06      49
   2s   -0.35021E+00    0.18057E+01    0.24408E-05      55
   2p   -0.49346E+00    0.19433E+00    0.17001E-05      53

 Level     Energy      Leading CSFs

   1    -14.61683465   1  0.9502   2  0.3117

 Etotal =     -14.61683465

Maximum orbital diff (relative):         2.44D-06  1.00D-05
Energy difference (relative):            3.43D-13  1.00D-09

--------------------------------------------------------------------------------

ATOM:  Be     TERM:  1S

Convergence (latest difference):
Orbital diff. =                          2.44D-06
SCF diff. =                              3.43D-13

  nl       E(nl)        1/R       R       R**2       dmp       ns     max_R

   1s    -4.71102854    3.694    0.412    0.230    5.58E-07    49     19.56
   2s    -0.35020852    0.521    2.583    7.935    2.44E-06    55     25.56
   2p    -0.49345677    0.495    2.497    7.400    1.70E-06    53     23.56

Total energy           -14.616834651886
Kinetic                 14.618940217643
Potential              -29.235774869529
Ratio                   -1.999855970014

Optimized states:

 Level     Energy      Leading CSFs

   1    -14.61683465   1  0.9502   2  0.3117

time:      2.45 sec

--------------------------------------------------------------------------------

