================================================================================
                   MULTICONFIGURATION B-SPLINE HARTREE-FOCK
================================================================================

Name of case:      1

B-spline parameters:

ns   =   86             -  number of splines
ks   =    8             -  order  of splines
h    =    0.125         -  initial point
hmax =    1.000         -  exponetial step size
rmax =   40.000         -  maximum radius

atom:              Mg

term:              1D
QSUM:     0.20000E+01    0.20000E+01    0.60000E+01    0.99990E+00    0.99990E+00    0.19998E-03

core orbitals:         1s    2s    2p

valence orbitals:      3s    3d    3p

physical orbitals:     1s    2s    2p    3s    3d

varied orbitals:       3s    3d    3p

Initial estimations for orbitals:

  1s - read from file Mg.bsw                                                                                              
  2s - read from file Mg.bsw                                                                                              
  2p - read from file Mg.bsw                                                                                              
  3s - read from file Mg.bsw                                                                                              
  3d - hydrogenic orbital with screening 11.00
  3p - hydrogenic orbital with screening 11.00

Ecore  =    -198.82982275

 Level     Energy      Leading CSFs

   1   -199.41617146   1  1.0000   2 -0.0001

--------------------------------------------------------------------------------
Iteration    1
--------------------------------------------------------------------------------

   nl       e(nl)          qsum           dpm           ns

   3s   -0.41964E+00    0.10000E+01    0.39736E+00      84
   3d   -0.64831E-01    0.10000E+01    0.58739E+00      84
   3p   -0.33510E+03    0.29521E-07    0.12739E+01      81

Ecore  =    -198.82982275

 Level     Energy      Leading CSFs

   1   -199.35299278   2  0.8595   1 -0.5111

 Etotal =    -199.35299278

Maximum orbital diff (relative):         1.27D+00  1.00D-05
Energy difference (relative):            3.17D-04  1.00D-09

--------------------------------------------------------------------------------
Iteration    2
--------------------------------------------------------------------------------

   nl       e(nl)          qsum           dpm           ns

   3s   -0.31240E+00    0.26123E+00    0.27326E+00      84
   3d   -0.12290E+00    0.26123E+00    0.36929E+00      82
   3p   -0.18947E+00    0.14775E+01    0.10693E+00      81

Ecore  =    -198.82982275

 Level     Energy      Leading CSFs

   1   -199.41277930   2  0.7379   1 -0.6750

 Etotal =    -199.41277930

Maximum orbital diff (relative):         3.69D-01  1.00D-05
Energy difference (relative):            3.00D-04  1.00D-09

--------------------------------------------------------------------------------
Iteration    3
--------------------------------------------------------------------------------

   nl       e(nl)          qsum           dpm           ns

   3s   -0.35891E+00    0.45557E+00    0.19573E+00      68
   3d   -0.75411E-01    0.45557E+00    0.29353E+00      84
   3p   -0.19597E+00    0.10889E+01    0.18426E-01      80

Ecore  =    -198.82982275

 Level     Energy      Leading CSFs

   1   -199.43965128   1  0.8513   2 -0.5248

 Etotal =    -199.43965128

Maximum orbital diff (relative):         2.94D-01  1.00D-05
Energy difference (relative):            1.35D-04  1.00D-09

--------------------------------------------------------------------------------
Iteration    4
--------------------------------------------------------------------------------

   nl       e(nl)          qsum           dpm           ns

   3s   -0.39981E+00    0.72463E+00    0.19642E-01      71
   3d   -0.69082E-01    0.72463E+00    0.11064E+00      84
   3p   -0.22413E+00    0.55074E+00    0.15121E-01      82

Ecore  =    -198.82982275

 Level     Energy      Leading CSFs

   1   -199.44037226   1  0.8804   2 -0.4742

 Etotal =    -199.44037226

Maximum orbital diff (relative):         1.11D-01  1.00D-05
Energy difference (relative):            3.62D-06  1.00D-09

--------------------------------------------------------------------------------
Iteration    5
--------------------------------------------------------------------------------

   nl       e(nl)          qsum           dpm           ns

   3s   -0.40888E+00    0.77512E+00    0.91257E-02      72
   3d   -0.69193E-01    0.77512E+00    0.69438E-02      84
   3p   -0.23341E+00    0.44977E+00    0.49849E-02      82

Ecore  =    -198.82982275

 Level     Energy      Leading CSFs

   1   -199.44040970   1  0.8803   2 -0.4744

 Etotal =    -199.44040970

Maximum orbital diff (relative):         9.13D-03  1.00D-05
Energy difference (relative):            1.88D-07  1.00D-09

--------------------------------------------------------------------------------
Iteration    6
--------------------------------------------------------------------------------

   nl       e(nl)          qsum           dpm           ns

   3s   -0.40850E+00    0.77492E+00    0.20468E-03      72
   3d   -0.69078E-01    0.77492E+00    0.11012E-02      84
   3p   -0.23281E+00    0.45016E+00    0.11503E-02      82

Ecore  =    -198.82982275

 Level     Energy      Leading CSFs

   1   -199.44040991   1  0.8803   2 -0.4743

 Etotal =    -199.44040991

Maximum orbital diff (relative):         1.15D-03  1.00D-05
Energy difference (relative):            1.06D-09  1.00D-09

--------------------------------------------------------------------------------
Iteration    7
--------------------------------------------------------------------------------

   nl       e(nl)          qsum           dpm           ns

   3s   -0.40858E+00    0.77500E+00    0.74979E-04      72
   3d   -0.69081E-01    0.77500E+00    0.40923E-03      84
   3p   -0.23292E+00    0.45000E+00    0.22667E-03      82

Ecore  =    -198.82982275

 Level     Energy      Leading CSFs

   1   -199.44040993   1  0.8804   2 -0.4742

 Etotal =    -199.44040993

Maximum orbital diff (relative):         4.09D-04  1.00D-05
Energy difference (relative):            8.01D-11  1.00D-09

--------------------------------------------------------------------------------
Iteration    8
--------------------------------------------------------------------------------

   nl       e(nl)          qsum           dpm           ns

   3s   -0.40860E+00    0.77514E+00    0.42546E-04      72
   3d   -0.69081E-01    0.77514E+00    0.82463E-04      84
   3p   -0.23294E+00    0.44971E+00    0.20825E-04      82

Ecore  =    -198.82982275

 Level     Energy      Leading CSFs

   1   -199.44040993   1  0.8804   2 -0.4742

 Etotal =    -199.44040993

Maximum orbital diff (relative):         8.25D-05  1.00D-05
Energy difference (relative):            5.32D-12  1.00D-09

--------------------------------------------------------------------------------
Iteration    9
--------------------------------------------------------------------------------

   nl       e(nl)          qsum           dpm           ns

   3s   -0.40860E+00    0.77512E+00    0.63064E-05      72
   3d   -0.69080E-01    0.77512E+00    0.12367E-04      84
   3p   -0.23293E+00    0.44976E+00    0.25582E-05      82

Ecore  =    -198.82982275

 Level     Energy      Leading CSFs

   1   -199.44040993   1  0.8804   2 -0.4742

 Etotal =    -199.44040993

Maximum orbital diff (relative):         1.24D-05  1.00D-05
Energy difference (relative):            1.12D-13  1.00D-09

--------------------------------------------------------------------------------
Iteration   10
--------------------------------------------------------------------------------

   nl       e(nl)          qsum           dpm           ns

   3s   -0.40860E+00    0.77513E+00    0.69218E-06      72
   3d   -0.69080E-01    0.77513E+00    0.64297E-06      84
   3p   -0.23293E+00    0.44975E+00    0.99035E-06      82

Ecore  =    -198.82982275

 Level     Energy      Leading CSFs

   1   -199.44040993   1  0.8804   2 -0.4742

 Etotal =    -199.44040993

Maximum orbital diff (relative):         9.90D-07  1.00D-05
Energy difference (relative):            1.57D-15  1.00D-09

--------------------------------------------------------------------------------

ATOM:  Mg     TERM:  1D

Convergence (latest difference):
Orbital diff. =                          9.90D-07
SCF diff. =                              1.57D-15

  nl       E(nl)        1/R       R       R**2       dmp       ns     max_R

   1s     0.00000000   11.598    0.131    0.023    0.00E+00    46      7.32
   2s     0.00000000    2.108    0.690    0.571    0.00E+00    52     13.24
   2p     0.00000000    1.952    0.685    0.598    0.00E+00    61     22.24
   3s    -0.40859964    0.445    2.908    9.734    6.92E-07    72     33.24
   3d    -0.06908047    0.156    7.790   71.629    6.43E-07    84     40.00
   3p    -0.23293487    0.317    4.043   19.247    9.90E-07    82     40.00

Total energy          -199.440409926201
Kinetic                199.347281201722
Potential             -398.787691127924
Ratio                   -2.000467168270

Optimized states:

 Level     Energy      Leading CSFs

   1   -199.44040993   1  0.8804   2 -0.4742

time:     11.78 sec

--------------------------------------------------------------------------------

